2023-11-10 12:55:50,804 Watching for file changes with StatReloader
2023-11-10 12:55:59,518 Not Found: /favicon.ico
2023-11-10 13:04:57,666 Watching for file changes with StatReloader
2023-11-10 13:05:08,113 Request: GET /
2023-11-10 13:05:08,122 Response status: 200
2023-11-10 13:05:58,780 Request: GET /contact
2023-11-10 13:05:58,781 Response status: 200
2023-11-10 13:07:12,468 Request: POST /contact
2023-11-10 13:07:12,479 Response status: 200
2023-11-10 16:08:08,579 Watching for file changes with StatReloader
2023-11-10 16:10:46,215 C:\Users\abdul\Django_Prac\portfolio\middleware\main.py changed, reloading.
2023-11-10 16:10:47,130 Watching for file changes with StatReloader
2023-11-10 16:10:50,530 C:\Users\abdul\Django_Prac\portfolio\middleware\main.py changed, reloading.
2023-11-10 16:10:51,409 Watching for file changes with StatReloader
2023-11-10 16:10:53,812 C:\Users\abdul\Django_Prac\portfolio\middleware\main.py changed, reloading.
2023-11-10 16:10:54,705 Watching for file changes with StatReloader
2023-11-10 16:11:02,317 C:\Users\abdul\Django_Prac\portfolio\middleware\main.py changed, reloading.
2023-11-10 16:11:03,224 Watching for file changes with StatReloader
2023-11-10 16:11:41,148 C:\Users\abdul\Django_Prac\portfolio\middleware\main.py changed, reloading.
2023-11-10 16:11:42,018 Watching for file changes with StatReloader
2023-11-10 16:11:45,439 C:\Users\abdul\Django_Prac\portfolio\middleware\main.py changed, reloading.
2023-11-10 16:11:46,291 Watching for file changes with StatReloader
2023-11-10 16:11:51,780 C:\Users\abdul\Django_Prac\portfolio\middleware\main.py changed, reloading.
2023-11-10 16:11:52,641 Watching for file changes with StatReloader
2023-11-10 16:11:59,178 C:\Users\abdul\Django_Prac\portfolio\middleware\main.py changed, reloading.
2023-11-10 16:12:00,011 Watching for file changes with StatReloader
2023-11-10 16:12:03,424 C:\Users\abdul\Django_Prac\portfolio\middleware\main.py changed, reloading.
2023-11-10 16:12:04,288 Watching for file changes with StatReloader
2023-11-10 16:12:07,694 C:\Users\abdul\Django_Prac\portfolio\middleware\main.py changed, reloading.
2023-11-10 16:12:08,518 Watching for file changes with StatReloader
2023-11-10 16:12:13,986 C:\Users\abdul\Django_Prac\portfolio\middleware\main.py changed, reloading.
2023-11-10 16:12:14,866 Watching for file changes with StatReloader
2023-11-10 16:12:18,289 C:\Users\abdul\Django_Prac\portfolio\middleware\main.py changed, reloading.
2023-11-10 16:12:19,159 Watching for file changes with StatReloader
2023-11-10 16:12:21,527 C:\Users\abdul\Django_Prac\portfolio\middleware\main.py changed, reloading.
2023-11-10 16:12:22,351 Watching for file changes with StatReloader
2023-11-10 16:12:33,048 C:\Users\abdul\Django_Prac\portfolio\middleware\main.py changed, reloading.
2023-11-10 16:12:33,951 Watching for file changes with StatReloader
2023-11-10 16:12:47,808 C:\Users\abdul\Django_Prac\portfolio\middleware\main.py changed, reloading.
2023-11-10 16:12:48,641 Watching for file changes with StatReloader
2023-11-10 16:25:35,703 Watching for file changes with StatReloader
2023-11-10 16:30:58,948 C:\Users\abdul\Django_Prac\portfolio\middleware\main.py changed, reloading.
2023-11-10 16:31:00,154 Watching for file changes with StatReloader
2023-11-10 16:32:04,019 C:\Users\abdul\Django_Prac\portfolio\middleware\main.py changed, reloading.
2023-11-10 16:32:04,852 Watching for file changes with StatReloader
2023-11-10 16:32:09,335 C:\Users\abdul\Django_Prac\portfolio\middleware\main.py changed, reloading.
2023-11-10 16:32:10,172 Watching for file changes with StatReloader
2023-11-10 16:32:12,578 C:\Users\abdul\Django_Prac\portfolio\middleware\main.py changed, reloading.
2023-11-10 16:32:13,415 Watching for file changes with StatReloader
2023-11-10 16:32:25,137 C:\Users\abdul\Django_Prac\portfolio\middleware\main.py changed, reloading.
2023-11-10 16:32:26,018 Watching for file changes with StatReloader
2023-11-10 16:32:43,085 C:\Users\abdul\Django_Prac\portfolio\middleware\main.py changed, reloading.
2023-11-10 16:32:43,976 Watching for file changes with StatReloader
2023-11-10 16:33:00,880 Watching for file changes with StatReloader
2023-11-10 16:33:57,522 C:\Users\abdul\Django_Prac\portfolio\middleware\main.py changed, reloading.
2023-11-10 16:33:58,375 Watching for file changes with StatReloader
2023-11-10 16:34:14,275 C:\Users\abdul\Django_Prac\portfolio\middleware\main.py changed, reloading.
2023-11-10 16:34:15,101 Watching for file changes with StatReloader
2023-11-10 16:34:18,525 C:\Users\abdul\Django_Prac\portfolio\middleware\main.py changed, reloading.
2023-11-10 16:34:19,417 Watching for file changes with StatReloader
2023-11-10 16:34:21,793 C:\Users\abdul\Django_Prac\portfolio\middleware\main.py changed, reloading.
2023-11-10 16:34:22,681 Watching for file changes with StatReloader
2023-11-10 16:34:38,555 C:\Users\abdul\Django_Prac\portfolio\middleware\main.py changed, reloading.
2023-11-10 16:34:39,460 Watching for file changes with StatReloader
2023-11-10 16:34:44,871 Bad Request: /contact
2023-11-10 16:35:06,978 C:\Users\abdul\Django_Prac\portfolio\middleware\main.py changed, reloading.
2023-11-10 16:35:07,821 Watching for file changes with StatReloader
2023-11-10 16:35:15,408 C:\Users\abdul\Django_Prac\portfolio\middleware\main.py changed, reloading.
2023-11-10 16:35:16,275 Watching for file changes with StatReloader
2023-11-10 16:45:48,991 Watching for file changes with StatReloader
2023-11-10 16:46:02,281 Not Found: /team-member2.jpg
2023-11-10 16:46:02,283 Not Found: /team-member1.jpg
2023-11-10 16:46:15,004 Bad Request: /contact
2023-11-10 17:04:25,796 Watching for file changes with StatReloader
2023-11-10 17:04:29,237 Internal Server Error: /contact
Traceback (most recent call last):
  File "C:\Users\abdul\AppData\Roaming\Python\Python38\site-packages\django\template\defaulttags.py", line 1026, in find_library
    return parser.libraries[name]
KeyError: 'web_tags'

During handling of the above exception, another exception occurred:

Traceback (most recent call last):
  File "C:\Users\abdul\AppData\Roaming\Python\Python38\site-packages\django\core\handlers\exception.py", line 55, in inner
    response = get_response(request)
  File "C:\Users\abdul\AppData\Roaming\Python\Python38\site-packages\django\core\handlers\base.py", line 197, in _get_response
    response = wrapped_callback(request, *callback_args, **callback_kwargs)
  File "C:\Users\abdul\Django_Prac\portfolio\home\views.py", line 30, in contact
    return render(request, "contact.html")
  File "C:\Users\abdul\AppData\Roaming\Python\Python38\site-packages\django\shortcuts.py", line 24, in render
    content = loader.render_to_string(template_name, context, request, using=using)
  File "C:\Users\abdul\AppData\Roaming\Python\Python38\site-packages\django\template\loader.py", line 61, in render_to_string
    template = get_template(template_name, using=using)
  File "C:\Users\abdul\AppData\Roaming\Python\Python38\site-packages\django\template\loader.py", line 15, in get_template
    return engine.get_template(template_name)
  File "C:\Users\abdul\AppData\Roaming\Python\Python38\site-packages\django\template\backends\django.py", line 33, in get_template
    return Template(self.engine.get_template(template_name), self)
  File "C:\Users\abdul\AppData\Roaming\Python\Python38\site-packages\django\template\engine.py", line 175, in get_template
    template, origin = self.find_template(template_name)
  File "C:\Users\abdul\AppData\Roaming\Python\Python38\site-packages\django\template\engine.py", line 157, in find_template
    template = loader.get_template(name, skip=skip)
  File "C:\Users\abdul\AppData\Roaming\Python\Python38\site-packages\django\template\loaders\cached.py", line 57, in get_template
    template = super().get_template(template_name, skip)
  File "C:\Users\abdul\AppData\Roaming\Python\Python38\site-packages\django\template\loaders\base.py", line 28, in get_template
    return Template(
  File "C:\Users\abdul\AppData\Roaming\Python\Python38\site-packages\django\template\base.py", line 154, in __init__
    self.nodelist = self.compile_nodelist()
  File "C:\Users\abdul\AppData\Roaming\Python\Python38\site-packages\django\template\base.py", line 200, in compile_nodelist
    return parser.parse()
  File "C:\Users\abdul\AppData\Roaming\Python\Python38\site-packages\django\template\base.py", line 513, in parse
    raise self.error(token, e)
  File "C:\Users\abdul\AppData\Roaming\Python\Python38\site-packages\django\template\base.py", line 511, in parse
    compiled_result = compile_func(self, token)
  File "C:\Users\abdul\AppData\Roaming\Python\Python38\site-packages\django\template\loader_tags.py", line 293, in do_extends
    nodelist = parser.parse()
  File "C:\Users\abdul\AppData\Roaming\Python\Python38\site-packages\django\template\base.py", line 513, in parse
    raise self.error(token, e)
  File "C:\Users\abdul\AppData\Roaming\Python\Python38\site-packages\django\template\base.py", line 511, in parse
    compiled_result = compile_func(self, token)
  File "C:\Users\abdul\AppData\Roaming\Python\Python38\site-packages\django\template\defaulttags.py", line 1088, in load
    lib = find_library(parser, name)
  File "C:\Users\abdul\AppData\Roaming\Python\Python38\site-packages\django\template\defaulttags.py", line 1028, in find_library
    raise TemplateSyntaxError(
django.template.exceptions.TemplateSyntaxError: 'web_tags' is not a registered tag library. Must be one of:
admin_list
admin_modify
admin_urls
cache
i18n
l10n
log
static
tz
2023-11-10 17:08:04,291 Internal Server Error: /contact
Traceback (most recent call last):
  File "C:\Users\abdul\AppData\Roaming\Python\Python38\site-packages\django\template\defaulttags.py", line 1026, in find_library
    return parser.libraries[name]
KeyError: 'web_tags'

During handling of the above exception, another exception occurred:

Traceback (most recent call last):
  File "C:\Users\abdul\AppData\Roaming\Python\Python38\site-packages\django\core\handlers\exception.py", line 55, in inner
    response = get_response(request)
  File "C:\Users\abdul\AppData\Roaming\Python\Python38\site-packages\django\core\handlers\base.py", line 197, in _get_response
    response = wrapped_callback(request, *callback_args, **callback_kwargs)
  File "C:\Users\abdul\Django_Prac\portfolio\home\views.py", line 30, in contact
    return render(request, "contact.html")
  File "C:\Users\abdul\AppData\Roaming\Python\Python38\site-packages\django\shortcuts.py", line 24, in render
    content = loader.render_to_string(template_name, context, request, using=using)
  File "C:\Users\abdul\AppData\Roaming\Python\Python38\site-packages\django\template\loader.py", line 61, in render_to_string
    template = get_template(template_name, using=using)
  File "C:\Users\abdul\AppData\Roaming\Python\Python38\site-packages\django\template\loader.py", line 15, in get_template
    return engine.get_template(template_name)
  File "C:\Users\abdul\AppData\Roaming\Python\Python38\site-packages\django\template\backends\django.py", line 33, in get_template
    return Template(self.engine.get_template(template_name), self)
  File "C:\Users\abdul\AppData\Roaming\Python\Python38\site-packages\django\template\engine.py", line 175, in get_template
    template, origin = self.find_template(template_name)
  File "C:\Users\abdul\AppData\Roaming\Python\Python38\site-packages\django\template\engine.py", line 157, in find_template
    template = loader.get_template(name, skip=skip)
  File "C:\Users\abdul\AppData\Roaming\Python\Python38\site-packages\django\template\loaders\cached.py", line 57, in get_template
    template = super().get_template(template_name, skip)
  File "C:\Users\abdul\AppData\Roaming\Python\Python38\site-packages\django\template\loaders\base.py", line 28, in get_template
    return Template(
  File "C:\Users\abdul\AppData\Roaming\Python\Python38\site-packages\django\template\base.py", line 154, in __init__
    self.nodelist = self.compile_nodelist()
  File "C:\Users\abdul\AppData\Roaming\Python\Python38\site-packages\django\template\base.py", line 200, in compile_nodelist
    return parser.parse()
  File "C:\Users\abdul\AppData\Roaming\Python\Python38\site-packages\django\template\base.py", line 513, in parse
    raise self.error(token, e)
  File "C:\Users\abdul\AppData\Roaming\Python\Python38\site-packages\django\template\base.py", line 511, in parse
    compiled_result = compile_func(self, token)
  File "C:\Users\abdul\AppData\Roaming\Python\Python38\site-packages\django\template\loader_tags.py", line 293, in do_extends
    nodelist = parser.parse()
  File "C:\Users\abdul\AppData\Roaming\Python\Python38\site-packages\django\template\base.py", line 513, in parse
    raise self.error(token, e)
  File "C:\Users\abdul\AppData\Roaming\Python\Python38\site-packages\django\template\base.py", line 511, in parse
    compiled_result = compile_func(self, token)
  File "C:\Users\abdul\AppData\Roaming\Python\Python38\site-packages\django\template\defaulttags.py", line 1088, in load
    lib = find_library(parser, name)
  File "C:\Users\abdul\AppData\Roaming\Python\Python38\site-packages\django\template\defaulttags.py", line 1028, in find_library
    raise TemplateSyntaxError(
django.template.exceptions.TemplateSyntaxError: 'web_tags' is not a registered tag library. Must be one of:
admin_list
admin_modify
admin_urls
cache
i18n
l10n
log
static
tz
2023-11-10 17:08:05,056 Internal Server Error: /contact
Traceback (most recent call last):
  File "C:\Users\abdul\AppData\Roaming\Python\Python38\site-packages\django\template\defaulttags.py", line 1026, in find_library
    return parser.libraries[name]
KeyError: 'web_tags'

During handling of the above exception, another exception occurred:

Traceback (most recent call last):
  File "C:\Users\abdul\AppData\Roaming\Python\Python38\site-packages\django\core\handlers\exception.py", line 55, in inner
    response = get_response(request)
  File "C:\Users\abdul\AppData\Roaming\Python\Python38\site-packages\django\core\handlers\base.py", line 197, in _get_response
    response = wrapped_callback(request, *callback_args, **callback_kwargs)
  File "C:\Users\abdul\Django_Prac\portfolio\home\views.py", line 30, in contact
    return render(request, "contact.html")
  File "C:\Users\abdul\AppData\Roaming\Python\Python38\site-packages\django\shortcuts.py", line 24, in render
    content = loader.render_to_string(template_name, context, request, using=using)
  File "C:\Users\abdul\AppData\Roaming\Python\Python38\site-packages\django\template\loader.py", line 61, in render_to_string
    template = get_template(template_name, using=using)
  File "C:\Users\abdul\AppData\Roaming\Python\Python38\site-packages\django\template\loader.py", line 15, in get_template
    return engine.get_template(template_name)
  File "C:\Users\abdul\AppData\Roaming\Python\Python38\site-packages\django\template\backends\django.py", line 33, in get_template
    return Template(self.engine.get_template(template_name), self)
  File "C:\Users\abdul\AppData\Roaming\Python\Python38\site-packages\django\template\engine.py", line 175, in get_template
    template, origin = self.find_template(template_name)
  File "C:\Users\abdul\AppData\Roaming\Python\Python38\site-packages\django\template\engine.py", line 157, in find_template
    template = loader.get_template(name, skip=skip)
  File "C:\Users\abdul\AppData\Roaming\Python\Python38\site-packages\django\template\loaders\cached.py", line 57, in get_template
    template = super().get_template(template_name, skip)
  File "C:\Users\abdul\AppData\Roaming\Python\Python38\site-packages\django\template\loaders\base.py", line 28, in get_template
    return Template(
  File "C:\Users\abdul\AppData\Roaming\Python\Python38\site-packages\django\template\base.py", line 154, in __init__
    self.nodelist = self.compile_nodelist()
  File "C:\Users\abdul\AppData\Roaming\Python\Python38\site-packages\django\template\base.py", line 200, in compile_nodelist
    return parser.parse()
  File "C:\Users\abdul\AppData\Roaming\Python\Python38\site-packages\django\template\base.py", line 513, in parse
    raise self.error(token, e)
  File "C:\Users\abdul\AppData\Roaming\Python\Python38\site-packages\django\template\base.py", line 511, in parse
    compiled_result = compile_func(self, token)
  File "C:\Users\abdul\AppData\Roaming\Python\Python38\site-packages\django\template\loader_tags.py", line 293, in do_extends
    nodelist = parser.parse()
  File "C:\Users\abdul\AppData\Roaming\Python\Python38\site-packages\django\template\base.py", line 513, in parse
    raise self.error(token, e)
  File "C:\Users\abdul\AppData\Roaming\Python\Python38\site-packages\django\template\base.py", line 511, in parse
    compiled_result = compile_func(self, token)
  File "C:\Users\abdul\AppData\Roaming\Python\Python38\site-packages\django\template\defaulttags.py", line 1088, in load
    lib = find_library(parser, name)
  File "C:\Users\abdul\AppData\Roaming\Python\Python38\site-packages\django\template\defaulttags.py", line 1028, in find_library
    raise TemplateSyntaxError(
django.template.exceptions.TemplateSyntaxError: 'web_tags' is not a registered tag library. Must be one of:
admin_list
admin_modify
admin_urls
cache
i18n
l10n
log
static
tz
2023-11-10 17:08:20,029 Watching for file changes with StatReloader
2023-11-10 17:08:21,981 Not Found: /team-member2.jpg
2023-11-10 17:08:21,981 Not Found: /team-member1.jpg
2023-11-10 17:17:07,751 C:\Users\abdul\Django_Prac\portfolio\home\templatetags\web_tags.py changed, reloading.
2023-11-10 17:17:08,628 Watching for file changes with StatReloader
2023-11-10 17:18:59,680 Watching for file changes with StatReloader
2023-11-10 17:23:06,150 C:\Users\abdul\Django_Prac\portfolio\home\models.py changed, reloading.
2023-11-10 17:23:07,058 Watching for file changes with StatReloader
2023-11-10 17:23:09,469 C:\Users\abdul\Django_Prac\portfolio\home\models.py changed, reloading.
2023-11-10 17:23:10,342 Watching for file changes with StatReloader
2023-11-10 17:23:12,722 C:\Users\abdul\Django_Prac\portfolio\home\models.py changed, reloading.
2023-11-10 17:23:13,628 Watching for file changes with StatReloader
2023-11-10 17:23:25,387 C:\Users\abdul\Django_Prac\portfolio\home\models.py changed, reloading.
2023-11-10 17:23:26,254 Watching for file changes with StatReloader
2023-11-10 17:23:38,020 C:\Users\abdul\Django_Prac\portfolio\home\models.py changed, reloading.
2023-11-10 17:23:38,898 Watching for file changes with StatReloader
2023-11-10 17:24:10,508 C:\Users\abdul\Django_Prac\portfolio\home\models.py changed, reloading.
2023-11-10 17:24:19,547 Watching for file changes with StatReloader
2023-11-10 17:24:30,250 C:\Users\abdul\Django_Prac\portfolio\home\models.py changed, reloading.
2023-11-10 17:24:33,146 Watching for file changes with StatReloader
2023-11-10 17:24:39,702 C:\Users\abdul\Django_Prac\portfolio\home\models.py changed, reloading.
2023-11-10 17:24:40,600 Watching for file changes with StatReloader
2023-11-10 17:24:42,971 C:\Users\abdul\Django_Prac\portfolio\home\models.py changed, reloading.
2023-11-10 17:24:43,852 Watching for file changes with StatReloader
2023-11-10 17:25:11,216 C:\Users\abdul\Django_Prac\portfolio\home\models.py changed, reloading.
2023-11-10 17:25:22,239 Watching for file changes with StatReloader
2023-11-10 17:25:39,186 C:\Users\abdul\Django_Prac\portfolio\home\models.py changed, reloading.
2023-11-10 17:25:40,052 Watching for file changes with StatReloader
2023-11-10 17:25:50,774 C:\Users\abdul\Django_Prac\portfolio\home\models.py changed, reloading.
2023-11-10 17:25:54,660 Watching for file changes with StatReloader
2023-11-10 17:40:04,859 C:\Users\abdul\Django_Prac\portfolio\home\models.py changed, reloading.
2023-11-10 17:40:05,820 Watching for file changes with StatReloader
2023-11-10 17:55:50,407 Watching for file changes with StatReloader
2023-11-10 17:56:13,620 C:\Users\abdul\Django_Prac\portfolio\home\admin.py changed, reloading.
2023-11-10 17:56:18,732 Watching for file changes with StatReloader
2023-11-10 17:56:36,780 C:\Users\abdul\Django_Prac\portfolio\home\admin.py changed, reloading.
2023-11-10 17:56:37,624 Watching for file changes with StatReloader
2023-11-10 17:56:51,793 Watching for file changes with StatReloader
2023-11-10 18:02:50,925 C:\Users\abdul\Django_Prac\portfolio\home\models.py changed, reloading.
2023-11-10 18:02:51,911 Watching for file changes with StatReloader
2023-11-10 18:02:53,255 C:\Users\abdul\Django_Prac\portfolio\home\models.py changed, reloading.
2023-11-10 18:05:07,426 Watching for file changes with StatReloader
2023-11-10 18:07:41,903 C:\Users\abdul\Django_Prac\portfolio\home\models.py changed, reloading.
2023-11-10 18:08:03,429 Watching for file changes with StatReloader
2023-11-10 18:08:04,787 C:\Users\abdul\Django_Prac\portfolio\home\models.py changed, reloading.
2023-11-10 18:08:05,710 Watching for file changes with StatReloader
2023-11-10 18:08:07,062 C:\Users\abdul\Django_Prac\portfolio\home\models.py changed, reloading.
2023-11-10 18:08:07,918 Watching for file changes with StatReloader
2023-11-10 18:08:11,359 C:\Users\abdul\Django_Prac\portfolio\home\models.py changed, reloading.
2023-11-10 18:08:30,028 Watching for file changes with StatReloader
2023-11-10 18:08:32,423 C:\Users\abdul\Django_Prac\portfolio\home\models.py changed, reloading.
2023-11-10 18:08:33,293 Watching for file changes with StatReloader
2023-11-10 18:08:42,989 C:\Users\abdul\Django_Prac\portfolio\home\models.py changed, reloading.
2023-11-10 18:09:27,471 Watching for file changes with StatReloader
2023-11-10 18:09:30,895 C:\Users\abdul\Django_Prac\portfolio\home\models.py changed, reloading.
2023-11-10 18:09:39,053 Watching for file changes with StatReloader
2023-11-10 18:09:41,438 C:\Users\abdul\Django_Prac\portfolio\home\models.py changed, reloading.
2023-11-10 18:09:42,361 Watching for file changes with StatReloader
2023-11-10 18:09:46,848 C:\Users\abdul\Django_Prac\portfolio\home\models.py changed, reloading.
2023-11-10 18:09:47,814 Watching for file changes with StatReloader
2023-11-10 18:09:49,144 C:\Users\abdul\Django_Prac\portfolio\home\models.py changed, reloading.
2023-11-10 18:09:50,044 Watching for file changes with StatReloader
2023-11-10 18:09:53,450 C:\Users\abdul\Django_Prac\portfolio\home\models.py changed, reloading.
2023-11-10 18:10:02,559 Watching for file changes with StatReloader
2023-11-10 18:10:03,884 C:\Users\abdul\Django_Prac\portfolio\home\models.py changed, reloading.
2023-11-10 18:10:04,803 Watching for file changes with StatReloader
2023-11-10 18:10:10,333 C:\Users\abdul\Django_Prac\portfolio\home\models.py changed, reloading.
2023-11-10 18:11:44,610 Watching for file changes with StatReloader
2023-11-10 18:11:45,927 C:\Users\abdul\Django_Prac\portfolio\home\models.py changed, reloading.
2023-11-10 18:11:46,803 Watching for file changes with StatReloader
2023-11-10 18:11:48,103 C:\Users\abdul\Django_Prac\portfolio\home\models.py changed, reloading.
2023-11-10 18:11:48,955 Watching for file changes with StatReloader
2023-11-10 18:11:50,286 C:\Users\abdul\Django_Prac\portfolio\home\models.py changed, reloading.
2023-11-10 18:11:57,277 Watching for file changes with StatReloader
2023-11-10 18:11:58,615 C:\Users\abdul\Django_Prac\portfolio\home\models.py changed, reloading.
2023-11-10 18:11:59,471 Watching for file changes with StatReloader
2023-11-10 18:12:02,886 C:\Users\abdul\Django_Prac\portfolio\home\models.py changed, reloading.
2023-11-10 18:12:03,718 Watching for file changes with StatReloader
2023-11-10 18:12:22,741 C:\Users\abdul\Django_Prac\portfolio\home\models.py changed, reloading.
2023-11-10 18:12:23,644 Watching for file changes with StatReloader
2023-11-13 10:02:42,894 Watching for file changes with StatReloader
2023-11-13 10:02:49,050 Not Found: /favicon.ico
2023-11-13 10:04:01,331 Not Found: /favicon.ico
2023-11-13 10:06:58,305 Watching for file changes with StatReloader
2023-11-13 10:32:43,768 Watching for file changes with StatReloader
2023-11-13 10:37:22,700 C:\Users\abdul\Django_Prac\portfolio\project\models.py changed, reloading.
2023-11-13 10:37:36,057 Watching for file changes with StatReloader
2023-11-13 10:37:42,631 C:\Users\abdul\Django_Prac\portfolio\project\models.py changed, reloading.
2023-11-13 10:38:02,209 Watching for file changes with StatReloader
2023-11-13 10:38:06,647 C:\Users\abdul\Django_Prac\portfolio\project\models.py changed, reloading.
2023-11-13 10:38:07,489 Watching for file changes with StatReloader
2023-11-13 10:39:15,540 C:\Users\abdul\Django_Prac\portfolio\project\models.py changed, reloading.
2023-11-13 10:39:16,420 Watching for file changes with StatReloader
2023-11-13 10:39:21,915 C:\Users\abdul\Django_Prac\portfolio\project\models.py changed, reloading.
2023-11-13 10:39:22,832 Watching for file changes with StatReloader
2023-11-13 10:39:25,220 C:\Users\abdul\Django_Prac\portfolio\project\models.py changed, reloading.
2023-11-13 10:39:40,558 Watching for file changes with StatReloader
2023-11-13 10:39:43,981 C:\Users\abdul\Django_Prac\portfolio\project\models.py changed, reloading.
2023-11-13 10:39:44,844 Watching for file changes with StatReloader
2023-11-13 10:39:51,394 C:\Users\abdul\Django_Prac\portfolio\project\models.py changed, reloading.
2023-11-13 10:40:07,885 Watching for file changes with StatReloader
2023-11-13 11:04:22,368 Not in REPL -> leaving logger event level as is.
2023-11-13 11:04:50,072 Watching for file changes with StatReloader
2023-11-13 11:04:58,457 Not Found: /dmin
2023-11-13 11:05:17,745 C:\Users\abdul\Django_Prac\portfolio\project\models.py changed, reloading.
2023-11-13 11:05:18,658 Watching for file changes with StatReloader
2023-11-13 11:05:21,069 C:\Users\abdul\Django_Prac\portfolio\project\models.py changed, reloading.
2023-11-13 11:05:32,293 Watching for file changes with StatReloader
2023-11-13 12:14:59,932 Not in REPL -> leaving logger event level as is.
2023-11-13 12:14:59,993 Looking for locale `en_US` in provider `faker.providers.address`.
2023-11-13 12:15:00,001 Provider `faker.providers.address` has been localized to `en_US`.
2023-11-13 12:15:00,010 Looking for locale `en_US` in provider `faker.providers.automotive`.
2023-11-13 12:15:00,017 Provider `faker.providers.automotive` has been localized to `en_US`.
2023-11-13 12:15:00,019 Looking for locale `en_US` in provider `faker.providers.bank`.
2023-11-13 12:15:00,024 Specified locale `en_US` is not available for provider `faker.providers.bank`. Locale reset to `en_GB` for this provider.
2023-11-13 12:15:00,025 Looking for locale `en_US` in provider `faker.providers.barcode`.
2023-11-13 12:15:00,026 Provider `faker.providers.barcode` has been localized to `en_US`.
2023-11-13 12:15:00,029 Looking for locale `en_US` in provider `faker.providers.color`.
2023-11-13 12:15:00,033 Provider `faker.providers.color` has been localized to `en_US`.
2023-11-13 12:15:00,034 Looking for locale `en_US` in provider `faker.providers.company`.
2023-11-13 12:15:00,039 Provider `faker.providers.company` has been localized to `en_US`.
2023-11-13 12:15:00,041 Looking for locale `en_US` in provider `faker.providers.credit_card`.
2023-11-13 12:15:00,042 Provider `faker.providers.credit_card` has been localized to `en_US`.
2023-11-13 12:15:00,043 Looking for locale `en_US` in provider `faker.providers.currency`.
2023-11-13 12:15:00,047 Provider `faker.providers.currency` has been localized to `en_US`.
2023-11-13 12:15:00,049 Looking for locale `en_US` in provider `faker.providers.date_time`.
2023-11-13 12:15:00,054 Provider `faker.providers.date_time` has been localized to `en_US`.
2023-11-13 12:15:00,056 Provider `faker.providers.emoji` does not feature localization. Specified locale `en_US` is not utilized for this provider.
2023-11-13 12:15:00,056 Provider `faker.providers.file` does not feature localization. Specified locale `en_US` is not utilized for this provider.
2023-11-13 12:15:00,056 Looking for locale `en_US` in provider `faker.providers.geo`.
2023-11-13 12:15:00,057 Provider `faker.providers.geo` has been localized to `en_US`.
2023-11-13 12:15:00,059 Looking for locale `en_US` in provider `faker.providers.internet`.
2023-11-13 12:15:00,067 Provider `faker.providers.internet` has been localized to `en_US`.
2023-11-13 12:15:00,068 Provider `faker.providers.isbn` does not feature localization. Specified locale `en_US` is not utilized for this provider.
2023-11-13 12:15:00,069 Looking for locale `en_US` in provider `faker.providers.job`.
2023-11-13 12:15:00,074 Provider `faker.providers.job` has been localized to `en_US`.
2023-11-13 12:15:00,075 Looking for locale `en_US` in provider `faker.providers.lorem`.
2023-11-13 12:15:00,079 Provider `faker.providers.lorem` has been localized to `en_US`.
2023-11-13 12:15:00,082 Looking for locale `en_US` in provider `faker.providers.misc`.
2023-11-13 12:15:00,083 Provider `faker.providers.misc` has been localized to `en_US`.
2023-11-13 12:15:00,084 Looking for locale `en_US` in provider `faker.providers.passport`.
2023-11-13 12:15:00,085 Provider `faker.providers.passport` has been localized to `en_US`.
2023-11-13 12:15:00,086 Looking for locale `en_US` in provider `faker.providers.person`.
2023-11-13 12:15:00,095 Provider `faker.providers.person` has been localized to `en_US`.
2023-11-13 12:15:00,100 Looking for locale `en_US` in provider `faker.providers.phone_number`.
2023-11-13 12:15:00,108 Provider `faker.providers.phone_number` has been localized to `en_US`.
2023-11-13 12:15:00,110 Provider `faker.providers.profile` does not feature localization. Specified locale `en_US` is not utilized for this provider.
2023-11-13 12:15:00,110 Provider `faker.providers.python` does not feature localization. Specified locale `en_US` is not utilized for this provider.
2023-11-13 12:15:00,110 Provider `faker.providers.sbn` does not feature localization. Specified locale `en_US` is not utilized for this provider.
2023-11-13 12:15:00,110 Looking for locale `en_US` in provider `faker.providers.ssn`.
2023-11-13 12:15:00,117 Provider `faker.providers.ssn` has been localized to `en_US`.
2023-11-13 12:15:00,119 Provider `faker.providers.user_agent` does not feature localization. Specified locale `en_US` is not utilized for this provider.
2023-11-13 12:16:13,342 Watching for file changes with StatReloader
2023-11-13 12:19:57,155 Internal Server Error: /admin/project/doctor/
Traceback (most recent call last):
  File "C:\Users\abdul\AppData\Roaming\Python\Python38\site-packages\django\core\handlers\exception.py", line 55, in inner
    response = get_response(request)
  File "C:\Users\abdul\Django_Prac\portfolio\middleware\main.py", line 14, in __call__
    if not self.is_valid(data):
  File "C:\Users\abdul\Django_Prac\portfolio\middleware\main.py", line 22, in is_valid
    if field not in data or not data[field]:
TypeError: argument of type 'NoneType' is not iterable
2023-11-13 12:20:06,643 Internal Server Error: /admin/project/doctor/
Traceback (most recent call last):
  File "C:\Users\abdul\AppData\Roaming\Python\Python38\site-packages\django\core\handlers\exception.py", line 55, in inner
    response = get_response(request)
  File "C:\Users\abdul\Django_Prac\portfolio\middleware\main.py", line 14, in __call__
    if not self.is_valid(data):
  File "C:\Users\abdul\Django_Prac\portfolio\middleware\main.py", line 22, in is_valid
    if field not in data or not data[field]:
TypeError: argument of type 'NoneType' is not iterable
2023-11-13 12:20:19,306 Internal Server Error: /admin/project/doctor/
Traceback (most recent call last):
  File "C:\Users\abdul\AppData\Roaming\Python\Python38\site-packages\django\core\handlers\exception.py", line 55, in inner
    response = get_response(request)
  File "C:\Users\abdul\Django_Prac\portfolio\middleware\main.py", line 14, in __call__
    if not self.is_valid(data):
  File "C:\Users\abdul\Django_Prac\portfolio\middleware\main.py", line 22, in is_valid
    if field not in data or not data[field]:
TypeError: argument of type 'NoneType' is not iterable
2023-11-13 12:20:57,803 Not in REPL -> leaving logger event level as is.
2023-11-13 12:20:57,856 Looking for locale `en_US` in provider `faker.providers.address`.
2023-11-13 12:20:57,865 Provider `faker.providers.address` has been localized to `en_US`.
2023-11-13 12:20:57,867 Looking for locale `en_US` in provider `faker.providers.automotive`.
2023-11-13 12:20:57,874 Provider `faker.providers.automotive` has been localized to `en_US`.
2023-11-13 12:20:57,875 Looking for locale `en_US` in provider `faker.providers.bank`.
2023-11-13 12:20:57,880 Specified locale `en_US` is not available for provider `faker.providers.bank`. Locale reset to `en_GB` for this provider.
2023-11-13 12:20:57,881 Looking for locale `en_US` in provider `faker.providers.barcode`.
2023-11-13 12:20:57,883 Provider `faker.providers.barcode` has been localized to `en_US`.
2023-11-13 12:20:57,884 Looking for locale `en_US` in provider `faker.providers.color`.
2023-11-13 12:20:57,888 Provider `faker.providers.color` has been localized to `en_US`.
2023-11-13 12:20:57,889 Looking for locale `en_US` in provider `faker.providers.company`.
2023-11-13 12:20:57,895 Provider `faker.providers.company` has been localized to `en_US`.
2023-11-13 12:20:57,896 Looking for locale `en_US` in provider `faker.providers.credit_card`.
2023-11-13 12:20:57,897 Provider `faker.providers.credit_card` has been localized to `en_US`.
2023-11-13 12:20:57,898 Looking for locale `en_US` in provider `faker.providers.currency`.
2023-11-13 12:20:57,901 Provider `faker.providers.currency` has been localized to `en_US`.
2023-11-13 12:20:57,903 Looking for locale `en_US` in provider `faker.providers.date_time`.
2023-11-13 12:20:57,909 Provider `faker.providers.date_time` has been localized to `en_US`.
2023-11-13 12:20:57,910 Provider `faker.providers.emoji` does not feature localization. Specified locale `en_US` is not utilized for this provider.
2023-11-13 12:20:57,910 Provider `faker.providers.file` does not feature localization. Specified locale `en_US` is not utilized for this provider.
2023-11-13 12:20:57,910 Looking for locale `en_US` in provider `faker.providers.geo`.
2023-11-13 12:20:57,911 Provider `faker.providers.geo` has been localized to `en_US`.
2023-11-13 12:20:57,912 Looking for locale `en_US` in provider `faker.providers.internet`.
2023-11-13 12:20:57,918 Provider `faker.providers.internet` has been localized to `en_US`.
2023-11-13 12:20:57,920 Provider `faker.providers.isbn` does not feature localization. Specified locale `en_US` is not utilized for this provider.
2023-11-13 12:20:57,920 Looking for locale `en_US` in provider `faker.providers.job`.
2023-11-13 12:20:57,925 Provider `faker.providers.job` has been localized to `en_US`.
2023-11-13 12:20:57,926 Looking for locale `en_US` in provider `faker.providers.lorem`.
2023-11-13 12:20:57,929 Provider `faker.providers.lorem` has been localized to `en_US`.
2023-11-13 12:20:57,931 Looking for locale `en_US` in provider `faker.providers.misc`.
2023-11-13 12:20:57,932 Provider `faker.providers.misc` has been localized to `en_US`.
2023-11-13 12:20:57,933 Looking for locale `en_US` in provider `faker.providers.passport`.
2023-11-13 12:20:57,934 Provider `faker.providers.passport` has been localized to `en_US`.
2023-11-13 12:20:57,935 Looking for locale `en_US` in provider `faker.providers.person`.
2023-11-13 12:20:57,944 Provider `faker.providers.person` has been localized to `en_US`.
2023-11-13 12:20:57,947 Looking for locale `en_US` in provider `faker.providers.phone_number`.
2023-11-13 12:20:57,955 Provider `faker.providers.phone_number` has been localized to `en_US`.
2023-11-13 12:20:57,957 Provider `faker.providers.profile` does not feature localization. Specified locale `en_US` is not utilized for this provider.
2023-11-13 12:20:57,957 Provider `faker.providers.python` does not feature localization. Specified locale `en_US` is not utilized for this provider.
2023-11-13 12:20:57,957 Provider `faker.providers.sbn` does not feature localization. Specified locale `en_US` is not utilized for this provider.
2023-11-13 12:20:57,957 Looking for locale `en_US` in provider `faker.providers.ssn`.
2023-11-13 12:20:57,964 Provider `faker.providers.ssn` has been localized to `en_US`.
2023-11-13 12:20:57,965 Provider `faker.providers.user_agent` does not feature localization. Specified locale `en_US` is not utilized for this provider.
2023-11-13 12:21:11,411 Watching for file changes with StatReloader
2023-11-13 13:59:55,805 Not in REPL -> leaving logger event level as is.
2023-11-13 13:59:55,868 Looking for locale `en_US` in provider `faker.providers.address`.
2023-11-13 13:59:55,877 Provider `faker.providers.address` has been localized to `en_US`.
2023-11-13 13:59:55,880 Looking for locale `en_US` in provider `faker.providers.automotive`.
2023-11-13 13:59:55,886 Provider `faker.providers.automotive` has been localized to `en_US`.
2023-11-13 13:59:55,887 Looking for locale `en_US` in provider `faker.providers.bank`.
2023-11-13 13:59:55,892 Specified locale `en_US` is not available for provider `faker.providers.bank`. Locale reset to `en_GB` for this provider.
2023-11-13 13:59:55,893 Looking for locale `en_US` in provider `faker.providers.barcode`.
2023-11-13 13:59:55,894 Provider `faker.providers.barcode` has been localized to `en_US`.
2023-11-13 13:59:55,896 Looking for locale `en_US` in provider `faker.providers.color`.
2023-11-13 13:59:55,900 Provider `faker.providers.color` has been localized to `en_US`.
2023-11-13 13:59:55,901 Looking for locale `en_US` in provider `faker.providers.company`.
2023-11-13 13:59:55,907 Provider `faker.providers.company` has been localized to `en_US`.
2023-11-13 13:59:55,908 Looking for locale `en_US` in provider `faker.providers.credit_card`.
2023-11-13 13:59:55,909 Provider `faker.providers.credit_card` has been localized to `en_US`.
2023-11-13 13:59:55,910 Looking for locale `en_US` in provider `faker.providers.currency`.
2023-11-13 13:59:55,914 Provider `faker.providers.currency` has been localized to `en_US`.
2023-11-13 13:59:55,915 Looking for locale `en_US` in provider `faker.providers.date_time`.
2023-11-13 13:59:55,921 Provider `faker.providers.date_time` has been localized to `en_US`.
2023-11-13 13:59:55,923 Provider `faker.providers.emoji` does not feature localization. Specified locale `en_US` is not utilized for this provider.
2023-11-13 13:59:55,923 Provider `faker.providers.file` does not feature localization. Specified locale `en_US` is not utilized for this provider.
2023-11-13 13:59:55,923 Looking for locale `en_US` in provider `faker.providers.geo`.
2023-11-13 13:59:55,924 Provider `faker.providers.geo` has been localized to `en_US`.
2023-11-13 13:59:55,925 Looking for locale `en_US` in provider `faker.providers.internet`.
2023-11-13 13:59:55,932 Provider `faker.providers.internet` has been localized to `en_US`.
2023-11-13 13:59:55,933 Provider `faker.providers.isbn` does not feature localization. Specified locale `en_US` is not utilized for this provider.
2023-11-13 13:59:55,933 Looking for locale `en_US` in provider `faker.providers.job`.
2023-11-13 13:59:55,938 Provider `faker.providers.job` has been localized to `en_US`.
2023-11-13 13:59:55,939 Looking for locale `en_US` in provider `faker.providers.lorem`.
2023-11-13 13:59:55,943 Provider `faker.providers.lorem` has been localized to `en_US`.
2023-11-13 13:59:55,945 Looking for locale `en_US` in provider `faker.providers.misc`.
2023-11-13 13:59:55,946 Provider `faker.providers.misc` has been localized to `en_US`.
2023-11-13 13:59:55,947 Looking for locale `en_US` in provider `faker.providers.passport`.
2023-11-13 13:59:55,948 Provider `faker.providers.passport` has been localized to `en_US`.
2023-11-13 13:59:55,949 Looking for locale `en_US` in provider `faker.providers.person`.
2023-11-13 13:59:55,958 Provider `faker.providers.person` has been localized to `en_US`.
2023-11-13 13:59:55,961 Looking for locale `en_US` in provider `faker.providers.phone_number`.
2023-11-13 13:59:55,969 Provider `faker.providers.phone_number` has been localized to `en_US`.
2023-11-13 13:59:55,970 Provider `faker.providers.profile` does not feature localization. Specified locale `en_US` is not utilized for this provider.
2023-11-13 13:59:55,971 Provider `faker.providers.python` does not feature localization. Specified locale `en_US` is not utilized for this provider.
2023-11-13 13:59:55,971 Provider `faker.providers.sbn` does not feature localization. Specified locale `en_US` is not utilized for this provider.
2023-11-13 13:59:55,971 Looking for locale `en_US` in provider `faker.providers.ssn`.
2023-11-13 13:59:55,978 Provider `faker.providers.ssn` has been localized to `en_US`.
2023-11-13 13:59:55,979 Provider `faker.providers.user_agent` does not feature localization. Specified locale `en_US` is not utilized for this provider.
2023-11-13 14:02:59,305 Not in REPL -> leaving logger event level as is.
2023-11-13 14:02:59,366 Looking for locale `en_US` in provider `faker.providers.address`.
2023-11-13 14:02:59,375 Provider `faker.providers.address` has been localized to `en_US`.
2023-11-13 14:02:59,378 Looking for locale `en_US` in provider `faker.providers.automotive`.
2023-11-13 14:02:59,384 Provider `faker.providers.automotive` has been localized to `en_US`.
2023-11-13 14:02:59,385 Looking for locale `en_US` in provider `faker.providers.bank`.
2023-11-13 14:02:59,390 Specified locale `en_US` is not available for provider `faker.providers.bank`. Locale reset to `en_GB` for this provider.
2023-11-13 14:02:59,391 Looking for locale `en_US` in provider `faker.providers.barcode`.
2023-11-13 14:02:59,392 Provider `faker.providers.barcode` has been localized to `en_US`.
2023-11-13 14:02:59,394 Looking for locale `en_US` in provider `faker.providers.color`.
2023-11-13 14:02:59,398 Provider `faker.providers.color` has been localized to `en_US`.
2023-11-13 14:02:59,399 Looking for locale `en_US` in provider `faker.providers.company`.
2023-11-13 14:02:59,404 Provider `faker.providers.company` has been localized to `en_US`.
2023-11-13 14:02:59,405 Looking for locale `en_US` in provider `faker.providers.credit_card`.
2023-11-13 14:02:59,406 Provider `faker.providers.credit_card` has been localized to `en_US`.
2023-11-13 14:02:59,407 Looking for locale `en_US` in provider `faker.providers.currency`.
2023-11-13 14:02:59,411 Provider `faker.providers.currency` has been localized to `en_US`.
2023-11-13 14:02:59,412 Looking for locale `en_US` in provider `faker.providers.date_time`.
2023-11-13 14:02:59,418 Provider `faker.providers.date_time` has been localized to `en_US`.
2023-11-13 14:02:59,419 Provider `faker.providers.emoji` does not feature localization. Specified locale `en_US` is not utilized for this provider.
2023-11-13 14:02:59,419 Provider `faker.providers.file` does not feature localization. Specified locale `en_US` is not utilized for this provider.
2023-11-13 14:02:59,419 Looking for locale `en_US` in provider `faker.providers.geo`.
2023-11-13 14:02:59,421 Provider `faker.providers.geo` has been localized to `en_US`.
2023-11-13 14:02:59,422 Looking for locale `en_US` in provider `faker.providers.internet`.
2023-11-13 14:02:59,429 Provider `faker.providers.internet` has been localized to `en_US`.
2023-11-13 14:02:59,431 Provider `faker.providers.isbn` does not feature localization. Specified locale `en_US` is not utilized for this provider.
2023-11-13 14:02:59,431 Looking for locale `en_US` in provider `faker.providers.job`.
2023-11-13 14:02:59,436 Provider `faker.providers.job` has been localized to `en_US`.
2023-11-13 14:02:59,437 Looking for locale `en_US` in provider `faker.providers.lorem`.
2023-11-13 14:02:59,441 Provider `faker.providers.lorem` has been localized to `en_US`.
2023-11-13 14:02:59,443 Looking for locale `en_US` in provider `faker.providers.misc`.
2023-11-13 14:02:59,444 Provider `faker.providers.misc` has been localized to `en_US`.
2023-11-13 14:02:59,445 Looking for locale `en_US` in provider `faker.providers.passport`.
2023-11-13 14:02:59,446 Provider `faker.providers.passport` has been localized to `en_US`.
2023-11-13 14:02:59,447 Looking for locale `en_US` in provider `faker.providers.person`.
2023-11-13 14:02:59,457 Provider `faker.providers.person` has been localized to `en_US`.
2023-11-13 14:02:59,460 Looking for locale `en_US` in provider `faker.providers.phone_number`.
2023-11-13 14:02:59,469 Provider `faker.providers.phone_number` has been localized to `en_US`.
2023-11-13 14:02:59,470 Provider `faker.providers.profile` does not feature localization. Specified locale `en_US` is not utilized for this provider.
2023-11-13 14:02:59,470 Provider `faker.providers.python` does not feature localization. Specified locale `en_US` is not utilized for this provider.
2023-11-13 14:02:59,470 Provider `faker.providers.sbn` does not feature localization. Specified locale `en_US` is not utilized for this provider.
2023-11-13 14:02:59,470 Looking for locale `en_US` in provider `faker.providers.ssn`.
2023-11-13 14:02:59,478 Provider `faker.providers.ssn` has been localized to `en_US`.
2023-11-13 14:02:59,479 Provider `faker.providers.user_agent` does not feature localization. Specified locale `en_US` is not utilized for this provider.
2023-11-13 14:03:09,430 Watching for file changes with StatReloader
2023-11-13 14:04:54,592 Internal Server Error: /admin/project/patient/1/change/
Traceback (most recent call last):
  File "C:\Users\abdul\AppData\Roaming\Python\Python38\site-packages\django\core\handlers\exception.py", line 55, in inner
    response = get_response(request)
  File "C:\Users\abdul\Django_Prac\portfolio\middleware\main.py", line 14, in __call__
    if not self.is_valid(data):
  File "C:\Users\abdul\Django_Prac\portfolio\middleware\main.py", line 22, in is_valid
    if field not in data or not data[field]:
TypeError: argument of type 'NoneType' is not iterable
2023-11-13 14:05:34,407 Not in REPL -> leaving logger event level as is.
2023-11-13 14:05:34,472 Looking for locale `en_US` in provider `faker.providers.address`.
2023-11-13 14:05:34,481 Provider `faker.providers.address` has been localized to `en_US`.
2023-11-13 14:05:34,483 Looking for locale `en_US` in provider `faker.providers.automotive`.
2023-11-13 14:05:34,490 Provider `faker.providers.automotive` has been localized to `en_US`.
2023-11-13 14:05:34,492 Looking for locale `en_US` in provider `faker.providers.bank`.
2023-11-13 14:05:34,497 Specified locale `en_US` is not available for provider `faker.providers.bank`. Locale reset to `en_GB` for this provider.
2023-11-13 14:05:34,498 Looking for locale `en_US` in provider `faker.providers.barcode`.
2023-11-13 14:05:34,500 Provider `faker.providers.barcode` has been localized to `en_US`.
2023-11-13 14:05:34,502 Looking for locale `en_US` in provider `faker.providers.color`.
2023-11-13 14:05:34,506 Provider `faker.providers.color` has been localized to `en_US`.
2023-11-13 14:05:34,507 Looking for locale `en_US` in provider `faker.providers.company`.
2023-11-13 14:05:34,512 Provider `faker.providers.company` has been localized to `en_US`.
2023-11-13 14:05:34,514 Looking for locale `en_US` in provider `faker.providers.credit_card`.
2023-11-13 14:05:34,515 Provider `faker.providers.credit_card` has been localized to `en_US`.
2023-11-13 14:05:34,516 Looking for locale `en_US` in provider `faker.providers.currency`.
2023-11-13 14:05:34,521 Provider `faker.providers.currency` has been localized to `en_US`.
2023-11-13 14:05:34,522 Looking for locale `en_US` in provider `faker.providers.date_time`.
2023-11-13 14:05:34,528 Provider `faker.providers.date_time` has been localized to `en_US`.
2023-11-13 14:05:34,530 Provider `faker.providers.emoji` does not feature localization. Specified locale `en_US` is not utilized for this provider.
2023-11-13 14:05:34,530 Provider `faker.providers.file` does not feature localization. Specified locale `en_US` is not utilized for this provider.
2023-11-13 14:05:34,530 Looking for locale `en_US` in provider `faker.providers.geo`.
2023-11-13 14:05:34,531 Provider `faker.providers.geo` has been localized to `en_US`.
2023-11-13 14:05:34,532 Looking for locale `en_US` in provider `faker.providers.internet`.
2023-11-13 14:05:34,539 Provider `faker.providers.internet` has been localized to `en_US`.
2023-11-13 14:05:34,540 Provider `faker.providers.isbn` does not feature localization. Specified locale `en_US` is not utilized for this provider.
2023-11-13 14:05:34,540 Looking for locale `en_US` in provider `faker.providers.job`.
2023-11-13 14:05:34,545 Provider `faker.providers.job` has been localized to `en_US`.
2023-11-13 14:05:34,546 Looking for locale `en_US` in provider `faker.providers.lorem`.
2023-11-13 14:05:34,550 Provider `faker.providers.lorem` has been localized to `en_US`.
2023-11-13 14:05:34,553 Looking for locale `en_US` in provider `faker.providers.misc`.
2023-11-13 14:05:34,554 Provider `faker.providers.misc` has been localized to `en_US`.
2023-11-13 14:05:34,555 Looking for locale `en_US` in provider `faker.providers.passport`.
2023-11-13 14:05:34,556 Provider `faker.providers.passport` has been localized to `en_US`.
2023-11-13 14:05:34,557 Looking for locale `en_US` in provider `faker.providers.person`.
2023-11-13 14:05:34,567 Provider `faker.providers.person` has been localized to `en_US`.
2023-11-13 14:05:34,570 Looking for locale `en_US` in provider `faker.providers.phone_number`.
2023-11-13 14:05:34,579 Provider `faker.providers.phone_number` has been localized to `en_US`.
2023-11-13 14:05:34,580 Provider `faker.providers.profile` does not feature localization. Specified locale `en_US` is not utilized for this provider.
2023-11-13 14:05:34,580 Provider `faker.providers.python` does not feature localization. Specified locale `en_US` is not utilized for this provider.
2023-11-13 14:05:34,580 Provider `faker.providers.sbn` does not feature localization. Specified locale `en_US` is not utilized for this provider.
2023-11-13 14:05:34,580 Looking for locale `en_US` in provider `faker.providers.ssn`.
2023-11-13 14:05:34,589 Provider `faker.providers.ssn` has been localized to `en_US`.
2023-11-13 14:05:34,590 Provider `faker.providers.user_agent` does not feature localization. Specified locale `en_US` is not utilized for this provider.
2023-11-13 14:05:46,565 Watching for file changes with StatReloader
2023-11-13 14:07:16,438 Internal Server Error: /admin/project/patient/13/change/
Traceback (most recent call last):
  File "C:\Users\abdul\AppData\Roaming\Python\Python38\site-packages\django\core\handlers\exception.py", line 55, in inner
    response = get_response(request)
  File "C:\Users\abdul\Django_Prac\portfolio\middleware\main.py", line 14, in __call__
    if not self.is_valid(data):
  File "C:\Users\abdul\Django_Prac\portfolio\middleware\main.py", line 22, in is_valid
    if field not in data or not data[field]:
TypeError: argument of type 'NoneType' is not iterable
2023-11-13 14:09:15,650 Internal Server Error: /admin/project/doctor/
Traceback (most recent call last):
  File "C:\Users\abdul\AppData\Roaming\Python\Python38\site-packages\django\core\handlers\exception.py", line 55, in inner
    response = get_response(request)
  File "C:\Users\abdul\Django_Prac\portfolio\middleware\main.py", line 14, in __call__
    if not self.is_valid(data):
  File "C:\Users\abdul\Django_Prac\portfolio\middleware\main.py", line 22, in is_valid
    if field not in data or not data[field]:
TypeError: argument of type 'NoneType' is not iterable
2023-11-13 14:09:37,544 Internal Server Error: /admin/project/doctor/
Traceback (most recent call last):
  File "C:\Users\abdul\AppData\Roaming\Python\Python38\site-packages\django\core\handlers\exception.py", line 55, in inner
    response = get_response(request)
  File "C:\Users\abdul\Django_Prac\portfolio\middleware\main.py", line 14, in __call__
    if not self.is_valid(data):
  File "C:\Users\abdul\Django_Prac\portfolio\middleware\main.py", line 22, in is_valid
    if field not in data or not data[field]:
TypeError: argument of type 'NoneType' is not iterable
2023-11-13 14:10:26,858 Internal Server Error: /admin/project/doctor/26/delete/
Traceback (most recent call last):
  File "C:\Users\abdul\AppData\Roaming\Python\Python38\site-packages\django\core\handlers\exception.py", line 55, in inner
    response = get_response(request)
  File "C:\Users\abdul\Django_Prac\portfolio\middleware\main.py", line 14, in __call__
    if not self.is_valid(data):
  File "C:\Users\abdul\Django_Prac\portfolio\middleware\main.py", line 22, in is_valid
    if field not in data or not data[field]:
TypeError: argument of type 'NoneType' is not iterable
2023-11-13 14:11:10,236 Internal Server Error: /admin/home/product/
Traceback (most recent call last):
  File "C:\Users\abdul\AppData\Roaming\Python\Python38\site-packages\django\core\handlers\exception.py", line 55, in inner
    response = get_response(request)
  File "C:\Users\abdul\Django_Prac\portfolio\middleware\main.py", line 14, in __call__
    if not self.is_valid(data):
  File "C:\Users\abdul\Django_Prac\portfolio\middleware\main.py", line 22, in is_valid
    if field not in data or not data[field]:
TypeError: argument of type 'NoneType' is not iterable
2023-11-13 14:13:49,129 Internal Server Error: /admin/project/patient/13/change/
Traceback (most recent call last):
  File "C:\Users\abdul\AppData\Roaming\Python\Python38\site-packages\django\core\handlers\exception.py", line 55, in inner
    response = get_response(request)
  File "C:\Users\abdul\Django_Prac\portfolio\middleware\main.py", line 14, in __call__
    if not self.is_valid(data):
  File "C:\Users\abdul\Django_Prac\portfolio\middleware\main.py", line 22, in is_valid
    if field not in data or not data[field]:
TypeError: argument of type 'NoneType' is not iterable
2023-11-13 15:12:13,806 Not in REPL -> leaving logger event level as is.
2023-11-13 15:12:13,875 Looking for locale `en_US` in provider `faker.providers.address`.
2023-11-13 15:12:13,884 Provider `faker.providers.address` has been localized to `en_US`.
2023-11-13 15:12:13,886 Looking for locale `en_US` in provider `faker.providers.automotive`.
2023-11-13 15:12:13,893 Provider `faker.providers.automotive` has been localized to `en_US`.
2023-11-13 15:12:13,894 Looking for locale `en_US` in provider `faker.providers.bank`.
2023-11-13 15:12:13,899 Specified locale `en_US` is not available for provider `faker.providers.bank`. Locale reset to `en_GB` for this provider.
2023-11-13 15:12:13,900 Looking for locale `en_US` in provider `faker.providers.barcode`.
2023-11-13 15:12:13,902 Provider `faker.providers.barcode` has been localized to `en_US`.
2023-11-13 15:12:13,903 Looking for locale `en_US` in provider `faker.providers.color`.
2023-11-13 15:12:13,907 Provider `faker.providers.color` has been localized to `en_US`.
2023-11-13 15:12:13,908 Looking for locale `en_US` in provider `faker.providers.company`.
2023-11-13 15:12:13,914 Provider `faker.providers.company` has been localized to `en_US`.
2023-11-13 15:12:13,916 Looking for locale `en_US` in provider `faker.providers.credit_card`.
2023-11-13 15:12:13,917 Provider `faker.providers.credit_card` has been localized to `en_US`.
2023-11-13 15:12:13,918 Looking for locale `en_US` in provider `faker.providers.currency`.
2023-11-13 15:12:13,922 Provider `faker.providers.currency` has been localized to `en_US`.
2023-11-13 15:12:13,924 Looking for locale `en_US` in provider `faker.providers.date_time`.
2023-11-13 15:12:13,929 Provider `faker.providers.date_time` has been localized to `en_US`.
2023-11-13 15:12:13,930 Provider `faker.providers.emoji` does not feature localization. Specified locale `en_US` is not utilized for this provider.
2023-11-13 15:12:13,931 Provider `faker.providers.file` does not feature localization. Specified locale `en_US` is not utilized for this provider.
2023-11-13 15:12:13,931 Looking for locale `en_US` in provider `faker.providers.geo`.
2023-11-13 15:12:13,932 Provider `faker.providers.geo` has been localized to `en_US`.
2023-11-13 15:12:13,933 Looking for locale `en_US` in provider `faker.providers.internet`.
2023-11-13 15:12:13,940 Provider `faker.providers.internet` has been localized to `en_US`.
2023-11-13 15:12:13,942 Provider `faker.providers.isbn` does not feature localization. Specified locale `en_US` is not utilized for this provider.
2023-11-13 15:12:13,942 Looking for locale `en_US` in provider `faker.providers.job`.
2023-11-13 15:12:13,946 Provider `faker.providers.job` has been localized to `en_US`.
2023-11-13 15:12:13,948 Looking for locale `en_US` in provider `faker.providers.lorem`.
2023-11-13 15:12:13,951 Provider `faker.providers.lorem` has been localized to `en_US`.
2023-11-13 15:12:13,953 Looking for locale `en_US` in provider `faker.providers.misc`.
2023-11-13 15:12:13,954 Provider `faker.providers.misc` has been localized to `en_US`.
2023-11-13 15:12:13,956 Looking for locale `en_US` in provider `faker.providers.passport`.
2023-11-13 15:12:13,956 Provider `faker.providers.passport` has been localized to `en_US`.
2023-11-13 15:12:13,957 Looking for locale `en_US` in provider `faker.providers.person`.
2023-11-13 15:12:13,967 Provider `faker.providers.person` has been localized to `en_US`.
2023-11-13 15:12:13,970 Looking for locale `en_US` in provider `faker.providers.phone_number`.
2023-11-13 15:12:13,979 Provider `faker.providers.phone_number` has been localized to `en_US`.
2023-11-13 15:12:13,981 Provider `faker.providers.profile` does not feature localization. Specified locale `en_US` is not utilized for this provider.
2023-11-13 15:12:13,981 Provider `faker.providers.python` does not feature localization. Specified locale `en_US` is not utilized for this provider.
2023-11-13 15:12:13,981 Provider `faker.providers.sbn` does not feature localization. Specified locale `en_US` is not utilized for this provider.
2023-11-13 15:12:13,981 Looking for locale `en_US` in provider `faker.providers.ssn`.
2023-11-13 15:12:13,988 Provider `faker.providers.ssn` has been localized to `en_US`.
2023-11-13 15:12:13,990 Provider `faker.providers.user_agent` does not feature localization. Specified locale `en_US` is not utilized for this provider.
2023-11-13 15:12:37,811 Not in REPL -> leaving logger event level as is.
2023-11-13 15:12:37,871 Looking for locale `en_US` in provider `faker.providers.address`.
2023-11-13 15:12:37,879 Provider `faker.providers.address` has been localized to `en_US`.
2023-11-13 15:12:37,882 Looking for locale `en_US` in provider `faker.providers.automotive`.
2023-11-13 15:12:37,889 Provider `faker.providers.automotive` has been localized to `en_US`.
2023-11-13 15:12:37,890 Looking for locale `en_US` in provider `faker.providers.bank`.
2023-11-13 15:12:37,895 Specified locale `en_US` is not available for provider `faker.providers.bank`. Locale reset to `en_GB` for this provider.
2023-11-13 15:12:37,896 Looking for locale `en_US` in provider `faker.providers.barcode`.
2023-11-13 15:12:37,897 Provider `faker.providers.barcode` has been localized to `en_US`.
2023-11-13 15:12:37,899 Looking for locale `en_US` in provider `faker.providers.color`.
2023-11-13 15:12:37,902 Provider `faker.providers.color` has been localized to `en_US`.
2023-11-13 15:12:37,903 Looking for locale `en_US` in provider `faker.providers.company`.
2023-11-13 15:12:37,909 Provider `faker.providers.company` has been localized to `en_US`.
2023-11-13 15:12:37,910 Looking for locale `en_US` in provider `faker.providers.credit_card`.
2023-11-13 15:12:37,911 Provider `faker.providers.credit_card` has been localized to `en_US`.
2023-11-13 15:12:37,912 Looking for locale `en_US` in provider `faker.providers.currency`.
2023-11-13 15:12:37,916 Provider `faker.providers.currency` has been localized to `en_US`.
2023-11-13 15:12:37,917 Looking for locale `en_US` in provider `faker.providers.date_time`.
2023-11-13 15:12:37,923 Provider `faker.providers.date_time` has been localized to `en_US`.
2023-11-13 15:12:37,925 Provider `faker.providers.emoji` does not feature localization. Specified locale `en_US` is not utilized for this provider.
2023-11-13 15:12:37,925 Provider `faker.providers.file` does not feature localization. Specified locale `en_US` is not utilized for this provider.
2023-11-13 15:12:37,925 Looking for locale `en_US` in provider `faker.providers.geo`.
2023-11-13 15:12:37,927 Provider `faker.providers.geo` has been localized to `en_US`.
2023-11-13 15:12:37,928 Looking for locale `en_US` in provider `faker.providers.internet`.
2023-11-13 15:12:37,934 Provider `faker.providers.internet` has been localized to `en_US`.
2023-11-13 15:12:37,936 Provider `faker.providers.isbn` does not feature localization. Specified locale `en_US` is not utilized for this provider.
2023-11-13 15:12:37,936 Looking for locale `en_US` in provider `faker.providers.job`.
2023-11-13 15:12:37,942 Provider `faker.providers.job` has been localized to `en_US`.
2023-11-13 15:12:37,943 Looking for locale `en_US` in provider `faker.providers.lorem`.
2023-11-13 15:12:37,947 Provider `faker.providers.lorem` has been localized to `en_US`.
2023-11-13 15:12:37,948 Looking for locale `en_US` in provider `faker.providers.misc`.
2023-11-13 15:12:37,949 Provider `faker.providers.misc` has been localized to `en_US`.
2023-11-13 15:12:37,951 Looking for locale `en_US` in provider `faker.providers.passport`.
2023-11-13 15:12:37,951 Provider `faker.providers.passport` has been localized to `en_US`.
2023-11-13 15:12:37,952 Looking for locale `en_US` in provider `faker.providers.person`.
2023-11-13 15:12:37,962 Provider `faker.providers.person` has been localized to `en_US`.
2023-11-13 15:12:37,965 Looking for locale `en_US` in provider `faker.providers.phone_number`.
2023-11-13 15:12:37,973 Provider `faker.providers.phone_number` has been localized to `en_US`.
2023-11-13 15:12:37,975 Provider `faker.providers.profile` does not feature localization. Specified locale `en_US` is not utilized for this provider.
2023-11-13 15:12:37,975 Provider `faker.providers.python` does not feature localization. Specified locale `en_US` is not utilized for this provider.
2023-11-13 15:12:37,975 Provider `faker.providers.sbn` does not feature localization. Specified locale `en_US` is not utilized for this provider.
2023-11-13 15:12:37,975 Looking for locale `en_US` in provider `faker.providers.ssn`.
2023-11-13 15:12:37,982 Provider `faker.providers.ssn` has been localized to `en_US`.
2023-11-13 15:12:37,983 Provider `faker.providers.user_agent` does not feature localization. Specified locale `en_US` is not utilized for this provider.
2023-11-13 15:17:03,068 Not in REPL -> leaving logger event level as is.
2023-11-13 15:17:03,131 Looking for locale `en_US` in provider `faker.providers.address`.
2023-11-13 15:17:03,140 Provider `faker.providers.address` has been localized to `en_US`.
2023-11-13 15:17:03,142 Looking for locale `en_US` in provider `faker.providers.automotive`.
2023-11-13 15:17:03,149 Provider `faker.providers.automotive` has been localized to `en_US`.
2023-11-13 15:17:03,150 Looking for locale `en_US` in provider `faker.providers.bank`.
2023-11-13 15:17:03,155 Specified locale `en_US` is not available for provider `faker.providers.bank`. Locale reset to `en_GB` for this provider.
2023-11-13 15:17:03,156 Looking for locale `en_US` in provider `faker.providers.barcode`.
2023-11-13 15:17:03,158 Provider `faker.providers.barcode` has been localized to `en_US`.
2023-11-13 15:17:03,159 Looking for locale `en_US` in provider `faker.providers.color`.
2023-11-13 15:17:03,164 Provider `faker.providers.color` has been localized to `en_US`.
2023-11-13 15:17:03,165 Looking for locale `en_US` in provider `faker.providers.company`.
2023-11-13 15:17:03,172 Provider `faker.providers.company` has been localized to `en_US`.
2023-11-13 15:17:03,173 Looking for locale `en_US` in provider `faker.providers.credit_card`.
2023-11-13 15:17:03,174 Provider `faker.providers.credit_card` has been localized to `en_US`.
2023-11-13 15:17:03,175 Looking for locale `en_US` in provider `faker.providers.currency`.
2023-11-13 15:17:03,180 Provider `faker.providers.currency` has been localized to `en_US`.
2023-11-13 15:17:03,181 Looking for locale `en_US` in provider `faker.providers.date_time`.
2023-11-13 15:17:03,187 Provider `faker.providers.date_time` has been localized to `en_US`.
2023-11-13 15:17:03,188 Provider `faker.providers.emoji` does not feature localization. Specified locale `en_US` is not utilized for this provider.
2023-11-13 15:17:03,188 Provider `faker.providers.file` does not feature localization. Specified locale `en_US` is not utilized for this provider.
2023-11-13 15:17:03,188 Looking for locale `en_US` in provider `faker.providers.geo`.
2023-11-13 15:17:03,190 Provider `faker.providers.geo` has been localized to `en_US`.
2023-11-13 15:17:03,191 Looking for locale `en_US` in provider `faker.providers.internet`.
2023-11-13 15:17:03,197 Provider `faker.providers.internet` has been localized to `en_US`.
2023-11-13 15:17:03,198 Provider `faker.providers.isbn` does not feature localization. Specified locale `en_US` is not utilized for this provider.
2023-11-13 15:17:03,198 Looking for locale `en_US` in provider `faker.providers.job`.
2023-11-13 15:17:03,203 Provider `faker.providers.job` has been localized to `en_US`.
2023-11-13 15:17:03,204 Looking for locale `en_US` in provider `faker.providers.lorem`.
2023-11-13 15:17:03,208 Provider `faker.providers.lorem` has been localized to `en_US`.
2023-11-13 15:17:03,210 Looking for locale `en_US` in provider `faker.providers.misc`.
2023-11-13 15:17:03,211 Provider `faker.providers.misc` has been localized to `en_US`.
2023-11-13 15:17:03,212 Looking for locale `en_US` in provider `faker.providers.passport`.
2023-11-13 15:17:03,213 Provider `faker.providers.passport` has been localized to `en_US`.
2023-11-13 15:17:03,214 Looking for locale `en_US` in provider `faker.providers.person`.
2023-11-13 15:17:03,223 Provider `faker.providers.person` has been localized to `en_US`.
2023-11-13 15:17:03,226 Looking for locale `en_US` in provider `faker.providers.phone_number`.
2023-11-13 15:17:03,235 Provider `faker.providers.phone_number` has been localized to `en_US`.
2023-11-13 15:17:03,236 Provider `faker.providers.profile` does not feature localization. Specified locale `en_US` is not utilized for this provider.
2023-11-13 15:17:03,236 Provider `faker.providers.python` does not feature localization. Specified locale `en_US` is not utilized for this provider.
2023-11-13 15:17:03,236 Provider `faker.providers.sbn` does not feature localization. Specified locale `en_US` is not utilized for this provider.
2023-11-13 15:17:03,237 Looking for locale `en_US` in provider `faker.providers.ssn`.
2023-11-13 15:17:03,244 Provider `faker.providers.ssn` has been localized to `en_US`.
2023-11-13 15:17:03,245 Provider `faker.providers.user_agent` does not feature localization. Specified locale `en_US` is not utilized for this provider.
2023-11-13 15:17:14,407 Not in REPL -> leaving logger event level as is.
2023-11-13 15:17:14,469 Looking for locale `en_US` in provider `faker.providers.address`.
2023-11-13 15:17:14,478 Provider `faker.providers.address` has been localized to `en_US`.
2023-11-13 15:17:14,480 Looking for locale `en_US` in provider `faker.providers.automotive`.
2023-11-13 15:17:14,487 Provider `faker.providers.automotive` has been localized to `en_US`.
2023-11-13 15:17:14,488 Looking for locale `en_US` in provider `faker.providers.bank`.
2023-11-13 15:17:14,493 Specified locale `en_US` is not available for provider `faker.providers.bank`. Locale reset to `en_GB` for this provider.
2023-11-13 15:17:14,494 Looking for locale `en_US` in provider `faker.providers.barcode`.
2023-11-13 15:17:14,495 Provider `faker.providers.barcode` has been localized to `en_US`.
2023-11-13 15:17:14,497 Looking for locale `en_US` in provider `faker.providers.color`.
2023-11-13 15:17:14,501 Provider `faker.providers.color` has been localized to `en_US`.
2023-11-13 15:17:14,502 Looking for locale `en_US` in provider `faker.providers.company`.
2023-11-13 15:17:14,508 Provider `faker.providers.company` has been localized to `en_US`.
2023-11-13 15:17:14,509 Looking for locale `en_US` in provider `faker.providers.credit_card`.
2023-11-13 15:17:14,510 Provider `faker.providers.credit_card` has been localized to `en_US`.
2023-11-13 15:17:14,511 Looking for locale `en_US` in provider `faker.providers.currency`.
2023-11-13 15:17:14,515 Provider `faker.providers.currency` has been localized to `en_US`.
2023-11-13 15:17:14,516 Looking for locale `en_US` in provider `faker.providers.date_time`.
2023-11-13 15:17:14,522 Provider `faker.providers.date_time` has been localized to `en_US`.
2023-11-13 15:17:14,524 Provider `faker.providers.emoji` does not feature localization. Specified locale `en_US` is not utilized for this provider.
2023-11-13 15:17:14,524 Provider `faker.providers.file` does not feature localization. Specified locale `en_US` is not utilized for this provider.
2023-11-13 15:17:14,524 Looking for locale `en_US` in provider `faker.providers.geo`.
2023-11-13 15:17:14,525 Provider `faker.providers.geo` has been localized to `en_US`.
2023-11-13 15:17:14,526 Looking for locale `en_US` in provider `faker.providers.internet`.
2023-11-13 15:17:14,533 Provider `faker.providers.internet` has been localized to `en_US`.
2023-11-13 15:17:14,534 Provider `faker.providers.isbn` does not feature localization. Specified locale `en_US` is not utilized for this provider.
2023-11-13 15:17:14,534 Looking for locale `en_US` in provider `faker.providers.job`.
2023-11-13 15:17:14,539 Provider `faker.providers.job` has been localized to `en_US`.
2023-11-13 15:17:14,541 Looking for locale `en_US` in provider `faker.providers.lorem`.
2023-11-13 15:17:14,544 Provider `faker.providers.lorem` has been localized to `en_US`.
2023-11-13 15:17:14,545 Looking for locale `en_US` in provider `faker.providers.misc`.
2023-11-13 15:17:14,546 Provider `faker.providers.misc` has been localized to `en_US`.
2023-11-13 15:17:14,548 Looking for locale `en_US` in provider `faker.providers.passport`.
2023-11-13 15:17:14,548 Provider `faker.providers.passport` has been localized to `en_US`.
2023-11-13 15:17:14,550 Looking for locale `en_US` in provider `faker.providers.person`.
2023-11-13 15:17:14,559 Provider `faker.providers.person` has been localized to `en_US`.
2023-11-13 15:17:14,562 Looking for locale `en_US` in provider `faker.providers.phone_number`.
2023-11-13 15:17:14,570 Provider `faker.providers.phone_number` has been localized to `en_US`.
2023-11-13 15:17:14,572 Provider `faker.providers.profile` does not feature localization. Specified locale `en_US` is not utilized for this provider.
2023-11-13 15:17:14,572 Provider `faker.providers.python` does not feature localization. Specified locale `en_US` is not utilized for this provider.
2023-11-13 15:17:14,572 Provider `faker.providers.sbn` does not feature localization. Specified locale `en_US` is not utilized for this provider.
2023-11-13 15:17:14,572 Looking for locale `en_US` in provider `faker.providers.ssn`.
2023-11-13 15:17:14,580 Provider `faker.providers.ssn` has been localized to `en_US`.
2023-11-13 15:17:14,581 Provider `faker.providers.user_agent` does not feature localization. Specified locale `en_US` is not utilized for this provider.
2023-11-13 15:17:48,516 Watching for file changes with StatReloader
2023-11-13 15:18:11,099 C:\Users\abdul\Django_Prac\portfolio\project\admin.py changed, reloading.
2023-11-13 15:18:12,003 Watching for file changes with StatReloader
2023-11-13 15:18:14,324 C:\Users\abdul\Django_Prac\portfolio\project\admin.py changed, reloading.
2023-11-13 15:18:15,326 Watching for file changes with StatReloader
2023-11-13 15:20:10,731 Not in REPL -> leaving logger event level as is.
2023-11-13 15:20:10,796 Looking for locale `en_US` in provider `faker.providers.address`.
2023-11-13 15:20:10,807 Provider `faker.providers.address` has been localized to `en_US`.
2023-11-13 15:20:10,809 Looking for locale `en_US` in provider `faker.providers.automotive`.
2023-11-13 15:20:10,815 Provider `faker.providers.automotive` has been localized to `en_US`.
2023-11-13 15:20:10,816 Looking for locale `en_US` in provider `faker.providers.bank`.
2023-11-13 15:20:10,821 Specified locale `en_US` is not available for provider `faker.providers.bank`. Locale reset to `en_GB` for this provider.
2023-11-13 15:20:10,822 Looking for locale `en_US` in provider `faker.providers.barcode`.
2023-11-13 15:20:10,824 Provider `faker.providers.barcode` has been localized to `en_US`.
2023-11-13 15:20:10,825 Looking for locale `en_US` in provider `faker.providers.color`.
2023-11-13 15:20:10,829 Provider `faker.providers.color` has been localized to `en_US`.
2023-11-13 15:20:10,830 Looking for locale `en_US` in provider `faker.providers.company`.
2023-11-13 15:20:10,836 Provider `faker.providers.company` has been localized to `en_US`.
2023-11-13 15:20:10,837 Looking for locale `en_US` in provider `faker.providers.credit_card`.
2023-11-13 15:20:10,838 Provider `faker.providers.credit_card` has been localized to `en_US`.
2023-11-13 15:20:10,839 Looking for locale `en_US` in provider `faker.providers.currency`.
2023-11-13 15:20:10,843 Provider `faker.providers.currency` has been localized to `en_US`.
2023-11-13 15:20:10,844 Looking for locale `en_US` in provider `faker.providers.date_time`.
2023-11-13 15:20:10,850 Provider `faker.providers.date_time` has been localized to `en_US`.
2023-11-13 15:20:10,851 Provider `faker.providers.emoji` does not feature localization. Specified locale `en_US` is not utilized for this provider.
2023-11-13 15:20:10,851 Provider `faker.providers.file` does not feature localization. Specified locale `en_US` is not utilized for this provider.
2023-11-13 15:20:10,851 Looking for locale `en_US` in provider `faker.providers.geo`.
2023-11-13 15:20:10,853 Provider `faker.providers.geo` has been localized to `en_US`.
2023-11-13 15:20:10,854 Looking for locale `en_US` in provider `faker.providers.internet`.
2023-11-13 15:20:10,860 Provider `faker.providers.internet` has been localized to `en_US`.
2023-11-13 15:20:10,861 Provider `faker.providers.isbn` does not feature localization. Specified locale `en_US` is not utilized for this provider.
2023-11-13 15:20:10,861 Looking for locale `en_US` in provider `faker.providers.job`.
2023-11-13 15:20:10,867 Provider `faker.providers.job` has been localized to `en_US`.
2023-11-13 15:20:10,868 Looking for locale `en_US` in provider `faker.providers.lorem`.
2023-11-13 15:20:10,872 Provider `faker.providers.lorem` has been localized to `en_US`.
2023-11-13 15:20:10,873 Looking for locale `en_US` in provider `faker.providers.misc`.
2023-11-13 15:20:10,875 Provider `faker.providers.misc` has been localized to `en_US`.
2023-11-13 15:20:10,876 Looking for locale `en_US` in provider `faker.providers.passport`.
2023-11-13 15:20:10,876 Provider `faker.providers.passport` has been localized to `en_US`.
2023-11-13 15:20:10,877 Looking for locale `en_US` in provider `faker.providers.person`.
2023-11-13 15:20:10,887 Provider `faker.providers.person` has been localized to `en_US`.
2023-11-13 15:20:10,889 Looking for locale `en_US` in provider `faker.providers.phone_number`.
2023-11-13 15:20:10,898 Provider `faker.providers.phone_number` has been localized to `en_US`.
2023-11-13 15:20:10,899 Provider `faker.providers.profile` does not feature localization. Specified locale `en_US` is not utilized for this provider.
2023-11-13 15:20:10,899 Provider `faker.providers.python` does not feature localization. Specified locale `en_US` is not utilized for this provider.
2023-11-13 15:20:10,899 Provider `faker.providers.sbn` does not feature localization. Specified locale `en_US` is not utilized for this provider.
2023-11-13 15:20:10,899 Looking for locale `en_US` in provider `faker.providers.ssn`.
2023-11-13 15:20:10,907 Provider `faker.providers.ssn` has been localized to `en_US`.
2023-11-13 15:20:10,908 Provider `faker.providers.user_agent` does not feature localization. Specified locale `en_US` is not utilized for this provider.
2023-11-13 15:20:19,387 Watching for file changes with StatReloader
2023-11-13 15:23:09,048 Not in REPL -> leaving logger event level as is.
2023-11-13 15:23:09,111 Looking for locale `en_US` in provider `faker.providers.address`.
2023-11-13 15:23:09,120 Provider `faker.providers.address` has been localized to `en_US`.
2023-11-13 15:23:09,123 Looking for locale `en_US` in provider `faker.providers.automotive`.
2023-11-13 15:23:09,129 Provider `faker.providers.automotive` has been localized to `en_US`.
2023-11-13 15:23:09,131 Looking for locale `en_US` in provider `faker.providers.bank`.
2023-11-13 15:23:09,136 Specified locale `en_US` is not available for provider `faker.providers.bank`. Locale reset to `en_GB` for this provider.
2023-11-13 15:23:09,137 Looking for locale `en_US` in provider `faker.providers.barcode`.
2023-11-13 15:23:09,138 Provider `faker.providers.barcode` has been localized to `en_US`.
2023-11-13 15:23:09,141 Looking for locale `en_US` in provider `faker.providers.color`.
2023-11-13 15:23:09,144 Provider `faker.providers.color` has been localized to `en_US`.
2023-11-13 15:23:09,145 Looking for locale `en_US` in provider `faker.providers.company`.
2023-11-13 15:23:09,150 Provider `faker.providers.company` has been localized to `en_US`.
2023-11-13 15:23:09,152 Looking for locale `en_US` in provider `faker.providers.credit_card`.
2023-11-13 15:23:09,153 Provider `faker.providers.credit_card` has been localized to `en_US`.
2023-11-13 15:23:09,153 Looking for locale `en_US` in provider `faker.providers.currency`.
2023-11-13 15:23:09,157 Provider `faker.providers.currency` has been localized to `en_US`.
2023-11-13 15:23:09,158 Looking for locale `en_US` in provider `faker.providers.date_time`.
2023-11-13 15:23:09,164 Provider `faker.providers.date_time` has been localized to `en_US`.
2023-11-13 15:23:09,165 Provider `faker.providers.emoji` does not feature localization. Specified locale `en_US` is not utilized for this provider.
2023-11-13 15:23:09,165 Provider `faker.providers.file` does not feature localization. Specified locale `en_US` is not utilized for this provider.
2023-11-13 15:23:09,165 Looking for locale `en_US` in provider `faker.providers.geo`.
2023-11-13 15:23:09,167 Provider `faker.providers.geo` has been localized to `en_US`.
2023-11-13 15:23:09,168 Looking for locale `en_US` in provider `faker.providers.internet`.
2023-11-13 15:23:09,174 Provider `faker.providers.internet` has been localized to `en_US`.
2023-11-13 15:23:09,175 Provider `faker.providers.isbn` does not feature localization. Specified locale `en_US` is not utilized for this provider.
2023-11-13 15:23:09,175 Looking for locale `en_US` in provider `faker.providers.job`.
2023-11-13 15:23:09,180 Provider `faker.providers.job` has been localized to `en_US`.
2023-11-13 15:23:09,181 Looking for locale `en_US` in provider `faker.providers.lorem`.
2023-11-13 15:23:09,185 Provider `faker.providers.lorem` has been localized to `en_US`.
2023-11-13 15:23:09,187 Looking for locale `en_US` in provider `faker.providers.misc`.
2023-11-13 15:23:09,188 Provider `faker.providers.misc` has been localized to `en_US`.
2023-11-13 15:23:09,189 Looking for locale `en_US` in provider `faker.providers.passport`.
2023-11-13 15:23:09,190 Provider `faker.providers.passport` has been localized to `en_US`.
2023-11-13 15:23:09,191 Looking for locale `en_US` in provider `faker.providers.person`.
2023-11-13 15:23:09,200 Provider `faker.providers.person` has been localized to `en_US`.
2023-11-13 15:23:09,204 Looking for locale `en_US` in provider `faker.providers.phone_number`.
2023-11-13 15:23:09,213 Provider `faker.providers.phone_number` has been localized to `en_US`.
2023-11-13 15:23:09,214 Provider `faker.providers.profile` does not feature localization. Specified locale `en_US` is not utilized for this provider.
2023-11-13 15:23:09,214 Provider `faker.providers.python` does not feature localization. Specified locale `en_US` is not utilized for this provider.
2023-11-13 15:23:09,214 Provider `faker.providers.sbn` does not feature localization. Specified locale `en_US` is not utilized for this provider.
2023-11-13 15:23:09,214 Looking for locale `en_US` in provider `faker.providers.ssn`.
2023-11-13 15:23:09,221 Provider `faker.providers.ssn` has been localized to `en_US`.
2023-11-13 15:23:09,223 Provider `faker.providers.user_agent` does not feature localization. Specified locale `en_US` is not utilized for this provider.
2023-11-13 15:23:20,945 Watching for file changes with StatReloader
2023-11-13 15:58:45,462 Not in REPL -> leaving logger event level as is.
2023-11-13 15:58:45,534 Looking for locale `en_US` in provider `faker.providers.address`.
2023-11-13 15:58:45,542 Provider `faker.providers.address` has been localized to `en_US`.
2023-11-13 15:58:45,545 Looking for locale `en_US` in provider `faker.providers.automotive`.
2023-11-13 15:58:45,551 Provider `faker.providers.automotive` has been localized to `en_US`.
2023-11-13 15:58:45,552 Looking for locale `en_US` in provider `faker.providers.bank`.
2023-11-13 15:58:45,558 Specified locale `en_US` is not available for provider `faker.providers.bank`. Locale reset to `en_GB` for this provider.
2023-11-13 15:58:45,559 Looking for locale `en_US` in provider `faker.providers.barcode`.
2023-11-13 15:58:45,560 Provider `faker.providers.barcode` has been localized to `en_US`.
2023-11-13 15:58:45,562 Looking for locale `en_US` in provider `faker.providers.color`.
2023-11-13 15:58:45,565 Provider `faker.providers.color` has been localized to `en_US`.
2023-11-13 15:58:45,566 Looking for locale `en_US` in provider `faker.providers.company`.
2023-11-13 15:58:45,572 Provider `faker.providers.company` has been localized to `en_US`.
2023-11-13 15:58:45,573 Looking for locale `en_US` in provider `faker.providers.credit_card`.
2023-11-13 15:58:45,574 Provider `faker.providers.credit_card` has been localized to `en_US`.
2023-11-13 15:58:45,575 Looking for locale `en_US` in provider `faker.providers.currency`.
2023-11-13 15:58:45,579 Provider `faker.providers.currency` has been localized to `en_US`.
2023-11-13 15:58:45,580 Looking for locale `en_US` in provider `faker.providers.date_time`.
2023-11-13 15:58:45,586 Provider `faker.providers.date_time` has been localized to `en_US`.
2023-11-13 15:58:45,587 Provider `faker.providers.emoji` does not feature localization. Specified locale `en_US` is not utilized for this provider.
2023-11-13 15:58:45,587 Provider `faker.providers.file` does not feature localization. Specified locale `en_US` is not utilized for this provider.
2023-11-13 15:58:45,587 Looking for locale `en_US` in provider `faker.providers.geo`.
2023-11-13 15:58:45,590 Provider `faker.providers.geo` has been localized to `en_US`.
2023-11-13 15:58:45,591 Looking for locale `en_US` in provider `faker.providers.internet`.
2023-11-13 15:58:45,597 Provider `faker.providers.internet` has been localized to `en_US`.
2023-11-13 15:58:45,598 Provider `faker.providers.isbn` does not feature localization. Specified locale `en_US` is not utilized for this provider.
2023-11-13 15:58:45,598 Looking for locale `en_US` in provider `faker.providers.job`.
2023-11-13 15:58:45,603 Provider `faker.providers.job` has been localized to `en_US`.
2023-11-13 15:58:45,605 Looking for locale `en_US` in provider `faker.providers.lorem`.
2023-11-13 15:58:45,608 Provider `faker.providers.lorem` has been localized to `en_US`.
2023-11-13 15:58:45,610 Looking for locale `en_US` in provider `faker.providers.misc`.
2023-11-13 15:58:45,611 Provider `faker.providers.misc` has been localized to `en_US`.
2023-11-13 15:58:45,612 Looking for locale `en_US` in provider `faker.providers.passport`.
2023-11-13 15:58:45,613 Provider `faker.providers.passport` has been localized to `en_US`.
2023-11-13 15:58:45,614 Looking for locale `en_US` in provider `faker.providers.person`.
2023-11-13 15:58:45,624 Provider `faker.providers.person` has been localized to `en_US`.
2023-11-13 15:58:45,627 Looking for locale `en_US` in provider `faker.providers.phone_number`.
2023-11-13 15:58:45,635 Provider `faker.providers.phone_number` has been localized to `en_US`.
2023-11-13 15:58:45,637 Provider `faker.providers.profile` does not feature localization. Specified locale `en_US` is not utilized for this provider.
2023-11-13 15:58:45,637 Provider `faker.providers.python` does not feature localization. Specified locale `en_US` is not utilized for this provider.
2023-11-13 15:58:45,637 Provider `faker.providers.sbn` does not feature localization. Specified locale `en_US` is not utilized for this provider.
2023-11-13 15:58:45,637 Looking for locale `en_US` in provider `faker.providers.ssn`.
2023-11-13 15:58:45,644 Provider `faker.providers.ssn` has been localized to `en_US`.
2023-11-13 15:58:45,646 Provider `faker.providers.user_agent` does not feature localization. Specified locale `en_US` is not utilized for this provider.
2023-11-13 16:09:16,494 Watching for file changes with StatReloader
2023-11-13 16:09:20,384 Internal Server Error: /admin/project/patient/13/change/
Traceback (most recent call last):
  File "C:\Users\abdul\AppData\Roaming\Python\Python38\site-packages\django\core\handlers\exception.py", line 55, in inner
    response = get_response(request)
  File "C:\Users\abdul\Django_Prac\portfolio\middleware\main.py", line 14, in __call__
    if not self.is_valid(data):
  File "C:\Users\abdul\Django_Prac\portfolio\middleware\main.py", line 22, in is_valid
    if field not in data or not data[field]:
TypeError: argument of type 'NoneType' is not iterable
2023-11-13 16:25:52,111 Watching for file changes with StatReloader
2023-11-13 17:27:52,623 C:\Users\abdul\Django_Prac\portfolio\project\models.py changed, reloading.
2023-11-13 17:27:54,627 Watching for file changes with StatReloader
