2023-11-10 12:55:50,804 Watching for file changes with StatReloader
2023-11-10 12:55:59,518 Not Found: /favicon.ico
2023-11-10 13:04:57,666 Watching for file changes with StatReloader
2023-11-10 13:05:08,113 Request: GET /
2023-11-10 13:05:08,122 Response status: 200
2023-11-10 13:05:58,780 Request: GET /contact
2023-11-10 13:05:58,781 Response status: 200
2023-11-10 13:07:12,468 Request: POST /contact
2023-11-10 13:07:12,479 Response status: 200
2023-11-10 16:08:08,579 Watching for file changes with StatReloader
2023-11-10 16:10:46,215 C:\Users\abdul\Django_Prac\portfolio\middleware\main.py changed, reloading.
2023-11-10 16:10:47,130 Watching for file changes with StatReloader
2023-11-10 16:10:50,530 C:\Users\abdul\Django_Prac\portfolio\middleware\main.py changed, reloading.
2023-11-10 16:10:51,409 Watching for file changes with StatReloader
2023-11-10 16:10:53,812 C:\Users\abdul\Django_Prac\portfolio\middleware\main.py changed, reloading.
2023-11-10 16:10:54,705 Watching for file changes with StatReloader
2023-11-10 16:11:02,317 C:\Users\abdul\Django_Prac\portfolio\middleware\main.py changed, reloading.
2023-11-10 16:11:03,224 Watching for file changes with StatReloader
2023-11-10 16:11:41,148 C:\Users\abdul\Django_Prac\portfolio\middleware\main.py changed, reloading.
2023-11-10 16:11:42,018 Watching for file changes with StatReloader
2023-11-10 16:11:45,439 C:\Users\abdul\Django_Prac\portfolio\middleware\main.py changed, reloading.
2023-11-10 16:11:46,291 Watching for file changes with StatReloader
2023-11-10 16:11:51,780 C:\Users\abdul\Django_Prac\portfolio\middleware\main.py changed, reloading.
2023-11-10 16:11:52,641 Watching for file changes with StatReloader
2023-11-10 16:11:59,178 C:\Users\abdul\Django_Prac\portfolio\middleware\main.py changed, reloading.
2023-11-10 16:12:00,011 Watching for file changes with StatReloader
2023-11-10 16:12:03,424 C:\Users\abdul\Django_Prac\portfolio\middleware\main.py changed, reloading.
2023-11-10 16:12:04,288 Watching for file changes with StatReloader
2023-11-10 16:12:07,694 C:\Users\abdul\Django_Prac\portfolio\middleware\main.py changed, reloading.
2023-11-10 16:12:08,518 Watching for file changes with StatReloader
2023-11-10 16:12:13,986 C:\Users\abdul\Django_Prac\portfolio\middleware\main.py changed, reloading.
2023-11-10 16:12:14,866 Watching for file changes with StatReloader
2023-11-10 16:12:18,289 C:\Users\abdul\Django_Prac\portfolio\middleware\main.py changed, reloading.
2023-11-10 16:12:19,159 Watching for file changes with StatReloader
2023-11-10 16:12:21,527 C:\Users\abdul\Django_Prac\portfolio\middleware\main.py changed, reloading.
2023-11-10 16:12:22,351 Watching for file changes with StatReloader
2023-11-10 16:12:33,048 C:\Users\abdul\Django_Prac\portfolio\middleware\main.py changed, reloading.
2023-11-10 16:12:33,951 Watching for file changes with StatReloader
2023-11-10 16:12:47,808 C:\Users\abdul\Django_Prac\portfolio\middleware\main.py changed, reloading.
2023-11-10 16:12:48,641 Watching for file changes with StatReloader
2023-11-10 16:25:35,703 Watching for file changes with StatReloader
2023-11-10 16:30:58,948 C:\Users\abdul\Django_Prac\portfolio\middleware\main.py changed, reloading.
2023-11-10 16:31:00,154 Watching for file changes with StatReloader
2023-11-10 16:32:04,019 C:\Users\abdul\Django_Prac\portfolio\middleware\main.py changed, reloading.
2023-11-10 16:32:04,852 Watching for file changes with StatReloader
2023-11-10 16:32:09,335 C:\Users\abdul\Django_Prac\portfolio\middleware\main.py changed, reloading.
2023-11-10 16:32:10,172 Watching for file changes with StatReloader
2023-11-10 16:32:12,578 C:\Users\abdul\Django_Prac\portfolio\middleware\main.py changed, reloading.
2023-11-10 16:32:13,415 Watching for file changes with StatReloader
2023-11-10 16:32:25,137 C:\Users\abdul\Django_Prac\portfolio\middleware\main.py changed, reloading.
2023-11-10 16:32:26,018 Watching for file changes with StatReloader
2023-11-10 16:32:43,085 C:\Users\abdul\Django_Prac\portfolio\middleware\main.py changed, reloading.
2023-11-10 16:32:43,976 Watching for file changes with StatReloader
2023-11-10 16:33:00,880 Watching for file changes with StatReloader
2023-11-10 16:33:57,522 C:\Users\abdul\Django_Prac\portfolio\middleware\main.py changed, reloading.
2023-11-10 16:33:58,375 Watching for file changes with StatReloader
2023-11-10 16:34:14,275 C:\Users\abdul\Django_Prac\portfolio\middleware\main.py changed, reloading.
2023-11-10 16:34:15,101 Watching for file changes with StatReloader
2023-11-10 16:34:18,525 C:\Users\abdul\Django_Prac\portfolio\middleware\main.py changed, reloading.
2023-11-10 16:34:19,417 Watching for file changes with StatReloader
2023-11-10 16:34:21,793 C:\Users\abdul\Django_Prac\portfolio\middleware\main.py changed, reloading.
2023-11-10 16:34:22,681 Watching for file changes with StatReloader
2023-11-10 16:34:38,555 C:\Users\abdul\Django_Prac\portfolio\middleware\main.py changed, reloading.
2023-11-10 16:34:39,460 Watching for file changes with StatReloader
2023-11-10 16:34:44,871 Bad Request: /contact
2023-11-10 16:35:06,978 C:\Users\abdul\Django_Prac\portfolio\middleware\main.py changed, reloading.
2023-11-10 16:35:07,821 Watching for file changes with StatReloader
2023-11-10 16:35:15,408 C:\Users\abdul\Django_Prac\portfolio\middleware\main.py changed, reloading.
2023-11-10 16:35:16,275 Watching for file changes with StatReloader
2023-11-10 16:45:48,991 Watching for file changes with StatReloader
2023-11-10 16:46:02,281 Not Found: /team-member2.jpg
2023-11-10 16:46:02,283 Not Found: /team-member1.jpg
2023-11-10 16:46:15,004 Bad Request: /contact
2023-11-10 17:04:25,796 Watching for file changes with StatReloader
2023-11-10 17:04:29,237 Internal Server Error: /contact
Traceback (most recent call last):
  File "C:\Users\abdul\AppData\Roaming\Python\Python38\site-packages\django\template\defaulttags.py", line 1026, in find_library
    return parser.libraries[name]
KeyError: 'web_tags'

During handling of the above exception, another exception occurred:

Traceback (most recent call last):
  File "C:\Users\abdul\AppData\Roaming\Python\Python38\site-packages\django\core\handlers\exception.py", line 55, in inner
    response = get_response(request)
  File "C:\Users\abdul\AppData\Roaming\Python\Python38\site-packages\django\core\handlers\base.py", line 197, in _get_response
    response = wrapped_callback(request, *callback_args, **callback_kwargs)
  File "C:\Users\abdul\Django_Prac\portfolio\home\views.py", line 30, in contact
    return render(request, "contact.html")
  File "C:\Users\abdul\AppData\Roaming\Python\Python38\site-packages\django\shortcuts.py", line 24, in render
    content = loader.render_to_string(template_name, context, request, using=using)
  File "C:\Users\abdul\AppData\Roaming\Python\Python38\site-packages\django\template\loader.py", line 61, in render_to_string
    template = get_template(template_name, using=using)
  File "C:\Users\abdul\AppData\Roaming\Python\Python38\site-packages\django\template\loader.py", line 15, in get_template
    return engine.get_template(template_name)
  File "C:\Users\abdul\AppData\Roaming\Python\Python38\site-packages\django\template\backends\django.py", line 33, in get_template
    return Template(self.engine.get_template(template_name), self)
  File "C:\Users\abdul\AppData\Roaming\Python\Python38\site-packages\django\template\engine.py", line 175, in get_template
    template, origin = self.find_template(template_name)
  File "C:\Users\abdul\AppData\Roaming\Python\Python38\site-packages\django\template\engine.py", line 157, in find_template
    template = loader.get_template(name, skip=skip)
  File "C:\Users\abdul\AppData\Roaming\Python\Python38\site-packages\django\template\loaders\cached.py", line 57, in get_template
    template = super().get_template(template_name, skip)
  File "C:\Users\abdul\AppData\Roaming\Python\Python38\site-packages\django\template\loaders\base.py", line 28, in get_template
    return Template(
  File "C:\Users\abdul\AppData\Roaming\Python\Python38\site-packages\django\template\base.py", line 154, in __init__
    self.nodelist = self.compile_nodelist()
  File "C:\Users\abdul\AppData\Roaming\Python\Python38\site-packages\django\template\base.py", line 200, in compile_nodelist
    return parser.parse()
  File "C:\Users\abdul\AppData\Roaming\Python\Python38\site-packages\django\template\base.py", line 513, in parse
    raise self.error(token, e)
  File "C:\Users\abdul\AppData\Roaming\Python\Python38\site-packages\django\template\base.py", line 511, in parse
    compiled_result = compile_func(self, token)
  File "C:\Users\abdul\AppData\Roaming\Python\Python38\site-packages\django\template\loader_tags.py", line 293, in do_extends
    nodelist = parser.parse()
  File "C:\Users\abdul\AppData\Roaming\Python\Python38\site-packages\django\template\base.py", line 513, in parse
    raise self.error(token, e)
  File "C:\Users\abdul\AppData\Roaming\Python\Python38\site-packages\django\template\base.py", line 511, in parse
    compiled_result = compile_func(self, token)
  File "C:\Users\abdul\AppData\Roaming\Python\Python38\site-packages\django\template\defaulttags.py", line 1088, in load
    lib = find_library(parser, name)
  File "C:\Users\abdul\AppData\Roaming\Python\Python38\site-packages\django\template\defaulttags.py", line 1028, in find_library
    raise TemplateSyntaxError(
django.template.exceptions.TemplateSyntaxError: 'web_tags' is not a registered tag library. Must be one of:
admin_list
admin_modify
admin_urls
cache
i18n
l10n
log
static
tz
2023-11-10 17:08:04,291 Internal Server Error: /contact
Traceback (most recent call last):
  File "C:\Users\abdul\AppData\Roaming\Python\Python38\site-packages\django\template\defaulttags.py", line 1026, in find_library
    return parser.libraries[name]
KeyError: 'web_tags'

During handling of the above exception, another exception occurred:

Traceback (most recent call last):
  File "C:\Users\abdul\AppData\Roaming\Python\Python38\site-packages\django\core\handlers\exception.py", line 55, in inner
    response = get_response(request)
  File "C:\Users\abdul\AppData\Roaming\Python\Python38\site-packages\django\core\handlers\base.py", line 197, in _get_response
    response = wrapped_callback(request, *callback_args, **callback_kwargs)
  File "C:\Users\abdul\Django_Prac\portfolio\home\views.py", line 30, in contact
    return render(request, "contact.html")
  File "C:\Users\abdul\AppData\Roaming\Python\Python38\site-packages\django\shortcuts.py", line 24, in render
    content = loader.render_to_string(template_name, context, request, using=using)
  File "C:\Users\abdul\AppData\Roaming\Python\Python38\site-packages\django\template\loader.py", line 61, in render_to_string
    template = get_template(template_name, using=using)
  File "C:\Users\abdul\AppData\Roaming\Python\Python38\site-packages\django\template\loader.py", line 15, in get_template
    return engine.get_template(template_name)
  File "C:\Users\abdul\AppData\Roaming\Python\Python38\site-packages\django\template\backends\django.py", line 33, in get_template
    return Template(self.engine.get_template(template_name), self)
  File "C:\Users\abdul\AppData\Roaming\Python\Python38\site-packages\django\template\engine.py", line 175, in get_template
    template, origin = self.find_template(template_name)
  File "C:\Users\abdul\AppData\Roaming\Python\Python38\site-packages\django\template\engine.py", line 157, in find_template
    template = loader.get_template(name, skip=skip)
  File "C:\Users\abdul\AppData\Roaming\Python\Python38\site-packages\django\template\loaders\cached.py", line 57, in get_template
    template = super().get_template(template_name, skip)
  File "C:\Users\abdul\AppData\Roaming\Python\Python38\site-packages\django\template\loaders\base.py", line 28, in get_template
    return Template(
  File "C:\Users\abdul\AppData\Roaming\Python\Python38\site-packages\django\template\base.py", line 154, in __init__
    self.nodelist = self.compile_nodelist()
  File "C:\Users\abdul\AppData\Roaming\Python\Python38\site-packages\django\template\base.py", line 200, in compile_nodelist
    return parser.parse()
  File "C:\Users\abdul\AppData\Roaming\Python\Python38\site-packages\django\template\base.py", line 513, in parse
    raise self.error(token, e)
  File "C:\Users\abdul\AppData\Roaming\Python\Python38\site-packages\django\template\base.py", line 511, in parse
    compiled_result = compile_func(self, token)
  File "C:\Users\abdul\AppData\Roaming\Python\Python38\site-packages\django\template\loader_tags.py", line 293, in do_extends
    nodelist = parser.parse()
  File "C:\Users\abdul\AppData\Roaming\Python\Python38\site-packages\django\template\base.py", line 513, in parse
    raise self.error(token, e)
  File "C:\Users\abdul\AppData\Roaming\Python\Python38\site-packages\django\template\base.py", line 511, in parse
    compiled_result = compile_func(self, token)
  File "C:\Users\abdul\AppData\Roaming\Python\Python38\site-packages\django\template\defaulttags.py", line 1088, in load
    lib = find_library(parser, name)
  File "C:\Users\abdul\AppData\Roaming\Python\Python38\site-packages\django\template\defaulttags.py", line 1028, in find_library
    raise TemplateSyntaxError(
django.template.exceptions.TemplateSyntaxError: 'web_tags' is not a registered tag library. Must be one of:
admin_list
admin_modify
admin_urls
cache
i18n
l10n
log
static
tz
2023-11-10 17:08:05,056 Internal Server Error: /contact
Traceback (most recent call last):
  File "C:\Users\abdul\AppData\Roaming\Python\Python38\site-packages\django\template\defaulttags.py", line 1026, in find_library
    return parser.libraries[name]
KeyError: 'web_tags'

During handling of the above exception, another exception occurred:

Traceback (most recent call last):
  File "C:\Users\abdul\AppData\Roaming\Python\Python38\site-packages\django\core\handlers\exception.py", line 55, in inner
    response = get_response(request)
  File "C:\Users\abdul\AppData\Roaming\Python\Python38\site-packages\django\core\handlers\base.py", line 197, in _get_response
    response = wrapped_callback(request, *callback_args, **callback_kwargs)
  File "C:\Users\abdul\Django_Prac\portfolio\home\views.py", line 30, in contact
    return render(request, "contact.html")
  File "C:\Users\abdul\AppData\Roaming\Python\Python38\site-packages\django\shortcuts.py", line 24, in render
    content = loader.render_to_string(template_name, context, request, using=using)
  File "C:\Users\abdul\AppData\Roaming\Python\Python38\site-packages\django\template\loader.py", line 61, in render_to_string
    template = get_template(template_name, using=using)
  File "C:\Users\abdul\AppData\Roaming\Python\Python38\site-packages\django\template\loader.py", line 15, in get_template
    return engine.get_template(template_name)
  File "C:\Users\abdul\AppData\Roaming\Python\Python38\site-packages\django\template\backends\django.py", line 33, in get_template
    return Template(self.engine.get_template(template_name), self)
  File "C:\Users\abdul\AppData\Roaming\Python\Python38\site-packages\django\template\engine.py", line 175, in get_template
    template, origin = self.find_template(template_name)
  File "C:\Users\abdul\AppData\Roaming\Python\Python38\site-packages\django\template\engine.py", line 157, in find_template
    template = loader.get_template(name, skip=skip)
  File "C:\Users\abdul\AppData\Roaming\Python\Python38\site-packages\django\template\loaders\cached.py", line 57, in get_template
    template = super().get_template(template_name, skip)
  File "C:\Users\abdul\AppData\Roaming\Python\Python38\site-packages\django\template\loaders\base.py", line 28, in get_template
    return Template(
  File "C:\Users\abdul\AppData\Roaming\Python\Python38\site-packages\django\template\base.py", line 154, in __init__
    self.nodelist = self.compile_nodelist()
  File "C:\Users\abdul\AppData\Roaming\Python\Python38\site-packages\django\template\base.py", line 200, in compile_nodelist
    return parser.parse()
  File "C:\Users\abdul\AppData\Roaming\Python\Python38\site-packages\django\template\base.py", line 513, in parse
    raise self.error(token, e)
  File "C:\Users\abdul\AppData\Roaming\Python\Python38\site-packages\django\template\base.py", line 511, in parse
    compiled_result = compile_func(self, token)
  File "C:\Users\abdul\AppData\Roaming\Python\Python38\site-packages\django\template\loader_tags.py", line 293, in do_extends
    nodelist = parser.parse()
  File "C:\Users\abdul\AppData\Roaming\Python\Python38\site-packages\django\template\base.py", line 513, in parse
    raise self.error(token, e)
  File "C:\Users\abdul\AppData\Roaming\Python\Python38\site-packages\django\template\base.py", line 511, in parse
    compiled_result = compile_func(self, token)
  File "C:\Users\abdul\AppData\Roaming\Python\Python38\site-packages\django\template\defaulttags.py", line 1088, in load
    lib = find_library(parser, name)
  File "C:\Users\abdul\AppData\Roaming\Python\Python38\site-packages\django\template\defaulttags.py", line 1028, in find_library
    raise TemplateSyntaxError(
django.template.exceptions.TemplateSyntaxError: 'web_tags' is not a registered tag library. Must be one of:
admin_list
admin_modify
admin_urls
cache
i18n
l10n
log
static
tz
2023-11-10 17:08:20,029 Watching for file changes with StatReloader
2023-11-10 17:08:21,981 Not Found: /team-member2.jpg
2023-11-10 17:08:21,981 Not Found: /team-member1.jpg
2023-11-10 17:17:07,751 C:\Users\abdul\Django_Prac\portfolio\home\templatetags\web_tags.py changed, reloading.
2023-11-10 17:17:08,628 Watching for file changes with StatReloader
2023-11-10 17:18:59,680 Watching for file changes with StatReloader
2023-11-10 17:23:06,150 C:\Users\abdul\Django_Prac\portfolio\home\models.py changed, reloading.
2023-11-10 17:23:07,058 Watching for file changes with StatReloader
2023-11-10 17:23:09,469 C:\Users\abdul\Django_Prac\portfolio\home\models.py changed, reloading.
2023-11-10 17:23:10,342 Watching for file changes with StatReloader
2023-11-10 17:23:12,722 C:\Users\abdul\Django_Prac\portfolio\home\models.py changed, reloading.
2023-11-10 17:23:13,628 Watching for file changes with StatReloader
2023-11-10 17:23:25,387 C:\Users\abdul\Django_Prac\portfolio\home\models.py changed, reloading.
2023-11-10 17:23:26,254 Watching for file changes with StatReloader
2023-11-10 17:23:38,020 C:\Users\abdul\Django_Prac\portfolio\home\models.py changed, reloading.
2023-11-10 17:23:38,898 Watching for file changes with StatReloader
2023-11-10 17:24:10,508 C:\Users\abdul\Django_Prac\portfolio\home\models.py changed, reloading.
2023-11-10 17:24:19,547 Watching for file changes with StatReloader
2023-11-10 17:24:30,250 C:\Users\abdul\Django_Prac\portfolio\home\models.py changed, reloading.
2023-11-10 17:24:33,146 Watching for file changes with StatReloader
2023-11-10 17:24:39,702 C:\Users\abdul\Django_Prac\portfolio\home\models.py changed, reloading.
2023-11-10 17:24:40,600 Watching for file changes with StatReloader
2023-11-10 17:24:42,971 C:\Users\abdul\Django_Prac\portfolio\home\models.py changed, reloading.
2023-11-10 17:24:43,852 Watching for file changes with StatReloader
2023-11-10 17:25:11,216 C:\Users\abdul\Django_Prac\portfolio\home\models.py changed, reloading.
2023-11-10 17:25:22,239 Watching for file changes with StatReloader
2023-11-10 17:25:39,186 C:\Users\abdul\Django_Prac\portfolio\home\models.py changed, reloading.
2023-11-10 17:25:40,052 Watching for file changes with StatReloader
2023-11-10 17:25:50,774 C:\Users\abdul\Django_Prac\portfolio\home\models.py changed, reloading.
2023-11-10 17:25:54,660 Watching for file changes with StatReloader
2023-11-10 17:40:04,859 C:\Users\abdul\Django_Prac\portfolio\home\models.py changed, reloading.
2023-11-10 17:40:05,820 Watching for file changes with StatReloader
2023-11-10 17:55:50,407 Watching for file changes with StatReloader
2023-11-10 17:56:13,620 C:\Users\abdul\Django_Prac\portfolio\home\admin.py changed, reloading.
2023-11-10 17:56:18,732 Watching for file changes with StatReloader
2023-11-10 17:56:36,780 C:\Users\abdul\Django_Prac\portfolio\home\admin.py changed, reloading.
2023-11-10 17:56:37,624 Watching for file changes with StatReloader
2023-11-10 17:56:51,793 Watching for file changes with StatReloader
2023-11-10 18:02:50,925 C:\Users\abdul\Django_Prac\portfolio\home\models.py changed, reloading.
2023-11-10 18:02:51,911 Watching for file changes with StatReloader
2023-11-10 18:02:53,255 C:\Users\abdul\Django_Prac\portfolio\home\models.py changed, reloading.
2023-11-10 18:05:07,426 Watching for file changes with StatReloader
2023-11-10 18:07:41,903 C:\Users\abdul\Django_Prac\portfolio\home\models.py changed, reloading.
2023-11-10 18:08:03,429 Watching for file changes with StatReloader
2023-11-10 18:08:04,787 C:\Users\abdul\Django_Prac\portfolio\home\models.py changed, reloading.
2023-11-10 18:08:05,710 Watching for file changes with StatReloader
2023-11-10 18:08:07,062 C:\Users\abdul\Django_Prac\portfolio\home\models.py changed, reloading.
2023-11-10 18:08:07,918 Watching for file changes with StatReloader
2023-11-10 18:08:11,359 C:\Users\abdul\Django_Prac\portfolio\home\models.py changed, reloading.
2023-11-10 18:08:30,028 Watching for file changes with StatReloader
2023-11-10 18:08:32,423 C:\Users\abdul\Django_Prac\portfolio\home\models.py changed, reloading.
2023-11-10 18:08:33,293 Watching for file changes with StatReloader
2023-11-10 18:08:42,989 C:\Users\abdul\Django_Prac\portfolio\home\models.py changed, reloading.
2023-11-10 18:09:27,471 Watching for file changes with StatReloader
2023-11-10 18:09:30,895 C:\Users\abdul\Django_Prac\portfolio\home\models.py changed, reloading.
2023-11-10 18:09:39,053 Watching for file changes with StatReloader
2023-11-10 18:09:41,438 C:\Users\abdul\Django_Prac\portfolio\home\models.py changed, reloading.
2023-11-10 18:09:42,361 Watching for file changes with StatReloader
2023-11-10 18:09:46,848 C:\Users\abdul\Django_Prac\portfolio\home\models.py changed, reloading.
2023-11-10 18:09:47,814 Watching for file changes with StatReloader
2023-11-10 18:09:49,144 C:\Users\abdul\Django_Prac\portfolio\home\models.py changed, reloading.
2023-11-10 18:09:50,044 Watching for file changes with StatReloader
2023-11-10 18:09:53,450 C:\Users\abdul\Django_Prac\portfolio\home\models.py changed, reloading.
2023-11-10 18:10:02,559 Watching for file changes with StatReloader
2023-11-10 18:10:03,884 C:\Users\abdul\Django_Prac\portfolio\home\models.py changed, reloading.
2023-11-10 18:10:04,803 Watching for file changes with StatReloader
2023-11-10 18:10:10,333 C:\Users\abdul\Django_Prac\portfolio\home\models.py changed, reloading.
2023-11-10 18:11:44,610 Watching for file changes with StatReloader
2023-11-10 18:11:45,927 C:\Users\abdul\Django_Prac\portfolio\home\models.py changed, reloading.
2023-11-10 18:11:46,803 Watching for file changes with StatReloader
2023-11-10 18:11:48,103 C:\Users\abdul\Django_Prac\portfolio\home\models.py changed, reloading.
2023-11-10 18:11:48,955 Watching for file changes with StatReloader
2023-11-10 18:11:50,286 C:\Users\abdul\Django_Prac\portfolio\home\models.py changed, reloading.
2023-11-10 18:11:57,277 Watching for file changes with StatReloader
2023-11-10 18:11:58,615 C:\Users\abdul\Django_Prac\portfolio\home\models.py changed, reloading.
2023-11-10 18:11:59,471 Watching for file changes with StatReloader
2023-11-10 18:12:02,886 C:\Users\abdul\Django_Prac\portfolio\home\models.py changed, reloading.
2023-11-10 18:12:03,718 Watching for file changes with StatReloader
2023-11-10 18:12:22,741 C:\Users\abdul\Django_Prac\portfolio\home\models.py changed, reloading.
2023-11-10 18:12:23,644 Watching for file changes with StatReloader
